TN:
SF:scripts/QuickJSLib.ts
FN:1,__name
FN:1,__export
FN:1,__copyProps
FN:1,get
FN:1,__toCommonJS
FN:1,QuickJSLib
FN:104,setOutputHandlers
FN:111,withCapturedOutput
FN:129,ensureWasmBuilt
FN:216,hasRequiredBindings
FN:223,loadWasmInstance
FN:256,getQuickJSModule
FN:382,<static_initializer>
FN:398,getSerializerScenario
FN:404,getCompilerScenario
FN:410,toUint8Array
FN:418,toStringArray
FN:426,toUint8Vector
FN:434,optimizePeephole
FN:441,optimizeShortOpcodes
FN:448,optimizeDeadCode
FN:455,runWithBinaryPath
FN:467,runBytes
FN:474,dumpWithBinaryPath
FN:487,dumpBytesToString
FN:495,getCompileEnums
FN:507,getPutLValueEnum
FN:520,getOpcodes
FN:531,getPC2LineCodes
FN:542,getSpecialObjects
FN:553,getJSModes
FN:564,getFunctionKinds
FN:575,getBytecodeTags
FN:586,getBytecodeVersion
FN:591,getFirstAtomId
FN:596,getGlobalVarOffset
FN:601,getArgumentVarOffset
FN:606,getArgScopeIndex
FN:611,getArgScopeEnd
FN:616,getDebugScopeIndex
FN:621,getMaxLocalVars
FN:626,getStackSizeMax
FN:631,getOpcodeName
FN:636,getOpcodeId
FN:641,getAllAtoms
FN:652,getEnvironmentAtoms
FN:663,getAllBytecodeTags
FN:674,getParseFunctionEnums
FN:685,getParseExportEnums
FN:696,getVarKindEnums
FN:707,getBlockEnvLayout
FN:718,getFunctionBytecodeLayout
FN:729,getModuleDefLayout
FN:740,getFunctionDefLayout
FN:751,getVarDefLayout
FN:762,getVarScopeLayout
FN:773,getClosureVarLayout
FN:784,getGlobalVarLayout
FN:795,getImportEntryLayout
FN:806,getExportEntryLayout
FN:817,getStarExportEntryLayout
FN:828,getReqModuleEntryLayout
FN:839,getAllOpcodeFormats
FN:850,getAllOpcodes
FN:861,getOpcodeOverrideMap
FN:866,getCompileOptions
FN:872,compileSource
FN:895,compileSourceAsScript
FN:915,compileSourceWithPath
FNF:69
FNH:59
FNDA:475,__name
FNDA:25,__export
FNDA:25,__copyProps
FNDA:255,get
FNDA:25,__toCommonJS
FNDA:255,QuickJSLib
FNDA:25,setOutputHandlers
FNDA:25,withCapturedOutput
FNDA:25,ensureWasmBuilt
FNDA:50,hasRequiredBindings
FNDA:25,loadWasmInstance
FNDA:0,getQuickJSModule
FNDA:25,<static_initializer>
FNDA:1,getSerializerScenario
FNDA:1,getCompilerScenario
FNDA:5,toUint8Array
FNDA:3,toStringArray
FNDA:3,toUint8Vector
FNDA:1,optimizePeephole
FNDA:1,optimizeShortOpcodes
FNDA:1,optimizeDeadCode
FNDA:0,runWithBinaryPath
FNDA:3,runBytes
FNDA:0,dumpWithBinaryPath
FNDA:60,dumpBytesToString
FNDA:1,getCompileEnums
FNDA:1,getPutLValueEnum
FNDA:0,getOpcodes
FNDA:2,getPC2LineCodes
FNDA:1,getSpecialObjects
FNDA:1,getJSModes
FNDA:1,getFunctionKinds
FNDA:0,getBytecodeTags
FNDA:1,getBytecodeVersion
FNDA:2,getFirstAtomId
FNDA:1,getGlobalVarOffset
FNDA:1,getArgumentVarOffset
FNDA:1,getArgScopeIndex
FNDA:1,getArgScopeEnd
FNDA:1,getDebugScopeIndex
FNDA:1,getMaxLocalVars
FNDA:1,getStackSizeMax
FNDA:0,getOpcodeName
FNDA:0,getOpcodeId
FNDA:2,getAllAtoms
FNDA:2,getEnvironmentAtoms
FNDA:2,getAllBytecodeTags
FNDA:1,getParseFunctionEnums
FNDA:1,getParseExportEnums
FNDA:1,getVarKindEnums
FNDA:2,getBlockEnvLayout
FNDA:2,getFunctionBytecodeLayout
FNDA:2,getModuleDefLayout
FNDA:2,getFunctionDefLayout
FNDA:2,getVarDefLayout
FNDA:2,getVarScopeLayout
FNDA:2,getClosureVarLayout
FNDA:2,getGlobalVarLayout
FNDA:2,getImportEntryLayout
FNDA:2,getExportEntryLayout
FNDA:2,getStarExportEntryLayout
FNDA:2,getReqModuleEntryLayout
FNDA:1,getAllOpcodeFormats
FNDA:1,getAllOpcodes
FNDA:0,getOpcodeOverrideMap
FNDA:1,getCompileOptions
FNDA:0,compileSource
FNDA:84,compileSourceAsScript
FNDA:0,compileSourceWithPath
DA:1,1
DA:2,1
DA:3,1
DA:4,1
DA:5,1
DA:6,1
DA:7,1
DA:8,1
DA:9,1
DA:10,1
DA:11,1
DA:12,1
DA:13,1
DA:14,1
DA:15,1
DA:16,1
DA:17,1
DA:18,1
DA:19,1
DA:20,1
DA:21,1
DA:22,1
DA:23,1
DA:24,1
DA:25,1
DA:26,1
DA:27,1
DA:28,1
DA:29,1
DA:30,1
DA:31,1
DA:32,1
DA:33,1
DA:34,1
DA:35,1
DA:36,1
DA:37,1
DA:38,1
DA:39,1
DA:40,1
DA:41,1
DA:42,1
DA:43,1
DA:44,1
DA:45,1
DA:46,1
DA:47,1
DA:48,1
DA:49,1
DA:50,1
DA:51,1
DA:52,1
DA:53,1
DA:54,1
DA:55,1
DA:56,1
DA:57,1
DA:58,1
DA:59,1
DA:60,1
DA:61,1
DA:62,1
DA:63,1
DA:64,1
DA:65,1
DA:66,1
DA:67,1
DA:68,1
DA:69,1
DA:70,1
DA:71,1
DA:72,1
DA:73,1
DA:74,1
DA:75,1
DA:76,1
DA:77,1
DA:78,1
DA:79,1
DA:80,1
DA:81,1
DA:82,1
DA:83,1
DA:84,1
DA:85,1
DA:86,1
DA:87,1
DA:88,1
DA:89,1
DA:90,1
DA:91,1
DA:92,1
DA:93,1
DA:94,1
DA:95,1
DA:96,1
DA:97,1
DA:98,1
DA:99,1
DA:100,1
DA:101,1
DA:102,1
DA:103,1
DA:104,1
DA:105,25
DA:106,25
DA:107,25
DA:108,25
DA:109,25
DA:110,1
DA:111,1
DA:112,25
DA:113,25
DA:114,25
DA:115,25
DA:116,25
DA:117,25
DA:118,25
DA:119,25
DA:120,25
DA:121,25
DA:122,25
DA:123,25
DA:124,25
DA:125,25
DA:126,25
DA:127,25
DA:128,1
DA:129,1
DA:130,25
DA:131,25
DA:132,25
DA:133,25
DA:134,25
DA:135,25
DA:136,25
DA:137,25
DA:138,25
DA:139,25
DA:140,25
DA:141,25
DA:142,25
DA:143,25
DA:144,25
DA:145,25
DA:146,25
DA:147,25
DA:148,25
DA:149,25
DA:150,25
DA:151,25
DA:152,200
DA:153,200
DA:154,0
DA:155,0
DA:156,0
DA:157,200
DA:158,25
DA:159,25
DA:160,25
DA:161,25
DA:162,25
DA:163,25
DA:164,25
DA:165,25
DA:166,25
DA:167,25
DA:168,25
DA:169,25
DA:170,25
DA:171,25
DA:172,25
DA:173,25
DA:174,25
DA:175,25
DA:176,25
DA:177,25
DA:178,25
DA:179,25
DA:180,25
DA:181,25
DA:182,25
DA:183,25
DA:184,25
DA:185,25
DA:186,25
DA:187,25
DA:188,25
DA:189,25
DA:190,0
DA:191,0
DA:192,25
DA:193,25
DA:194,25
DA:195,0
DA:196,0
DA:197,0
DA:198,0
DA:199,0
DA:200,0
DA:201,0
DA:202,25
DA:203,0
DA:204,0
DA:205,0
DA:206,0
DA:207,0
DA:208,0
DA:209,0
DA:210,0
DA:211,0
DA:212,0
DA:213,0
DA:214,25
DA:215,1
DA:216,1
DA:217,50
DA:218,50
DA:219,50
DA:220,50
DA:221,50
DA:222,1
DA:223,1
DA:224,25
DA:225,25
DA:226,25
DA:227,25
DA:228,25
DA:229,25
DA:230,25
DA:231,25
DA:232,1
DA:233,1
DA:234,230
DA:235,229
DA:236,229
DA:237,230
DA:238,230
DA:239,230
DA:240,25
DA:241,230
DA:242,0
DA:243,0
DA:244,0
DA:245,0
DA:246,0
DA:247,230
DA:248,230
DA:249,0
DA:250,0
DA:251,230
DA:252,230
DA:253,25
DA:254,230
DA:255,1
DA:256,1
DA:257,0
DA:258,0
DA:259,1
DA:260,1
DA:261,0
DA:262,0
DA:263,0
DA:264,1
DA:265,1
DA:266,0
DA:267,0
DA:268,0
DA:269,0
DA:270,0
DA:271,0
DA:272,0
DA:273,0
DA:274,0
DA:275,0
DA:276,1
DA:277,1
DA:278,8
DA:279,8
DA:280,8
DA:281,8
DA:282,1
DA:283,1
DA:284,6
DA:285,6
DA:286,6
DA:287,6
DA:288,6
DA:289,6
DA:290,6
DA:291,6
DA:292,6
DA:293,6
DA:294,6
DA:295,6
DA:296,6
DA:297,6
DA:298,1
DA:299,1
DA:300,1
DA:301,1
DA:302,1
DA:303,4
DA:304,4
DA:305,1
DA:306,1
DA:307,1
DA:308,4
DA:309,4
DA:310,1
DA:311,1
DA:312,1
DA:313,1
DA:314,3
DA:315,3
DA:316,3
DA:317,13
DA:318,13
DA:319,3
DA:320,3
DA:321,3
DA:322,13
DA:323,13
DA:324,3
DA:325,3
DA:326,1
DA:327,1
DA:328,3
DA:329,3
DA:330,3
DA:331,3
DA:332,6
DA:333,6
DA:334,6
DA:335,3
DA:336,3
DA:337,1
DA:338,1
DA:339,2
DA:340,2
DA:341,2
DA:342,2
DA:343,2
DA:344,2
DA:345,2
DA:346,2
DA:347,2
DA:348,2
DA:349,2
DA:350,6
DA:351,6
DA:352,6
DA:353,2
DA:354,2
DA:355,4
DA:356,4
DA:357,4
DA:358,2
DA:359,2
DA:360,1
DA:361,1
DA:362,1
DA:363,1
DA:364,1
DA:365,1
DA:366,2
DA:367,2
DA:368,2
DA:369,2
DA:370,2
DA:371,2
DA:372,2
DA:373,2
DA:374,2
DA:375,2
DA:376,2
DA:377,2
DA:378,2
DA:379,1
DA:380,1
DA:381,1
DA:382,1
DA:383,1
DA:384,1
DA:385,1
DA:386,1
DA:387,1
DA:388,1
DA:389,1
DA:390,1
DA:391,1
DA:392,1
DA:393,1
DA:394,1
DA:395,1
DA:396,1
DA:397,1
DA:398,1
DA:399,1
DA:400,1
DA:401,1
DA:402,1
DA:403,1
DA:404,1
DA:405,1
DA:406,1
DA:407,1
DA:408,1
DA:409,1
DA:410,1
DA:411,5
DA:412,5
DA:413,13
DA:414,13
DA:415,5
DA:416,5
DA:417,1
DA:418,1
DA:419,3
DA:420,3
DA:421,0
DA:422,0
DA:423,3
DA:424,3
DA:425,1
DA:426,1
DA:427,3
DA:428,3
DA:429,10
DA:430,10
DA:431,3
DA:432,3
DA:433,1
DA:434,1
DA:435,1
DA:436,1
DA:437,1
DA:438,1
DA:439,1
DA:440,1
DA:441,1
DA:442,1
DA:443,1
DA:444,1
DA:445,1
DA:446,1
DA:447,1
DA:448,1
DA:449,1
DA:450,1
DA:451,1
DA:452,1
DA:453,1
DA:454,1
DA:455,1
DA:456,0
DA:457,0
DA:458,0
DA:459,0
DA:460,0
DA:461,0
DA:462,0
DA:463,0
DA:464,0
DA:465,0
DA:466,1
DA:467,1
DA:468,3
DA:469,3
DA:470,3
DA:471,3
DA:472,3
DA:473,1
DA:474,1
DA:475,0
DA:476,0
DA:477,0
DA:478,0
DA:479,0
DA:480,0
DA:481,0
DA:482,0
DA:483,0
DA:484,0
DA:485,0
DA:486,1
DA:487,1
DA:488,60
DA:489,60
DA:490,60
DA:491,60
DA:492,60
DA:493,60
DA:494,1
DA:495,1
DA:496,1
DA:497,1
DA:498,1
DA:499,1
DA:500,1
DA:501,1
DA:502,1
DA:503,1
DA:504,1
DA:505,1
DA:506,1
DA:507,1
DA:508,1
DA:509,1
DA:510,1
DA:511,1
DA:512,1
DA:513,1
DA:514,1
DA:515,1
DA:516,1
DA:517,1
DA:518,1
DA:519,1
DA:520,1
DA:521,0
DA:522,0
DA:523,0
DA:524,0
DA:525,0
DA:526,0
DA:527,0
DA:528,0
DA:529,0
DA:530,1
DA:531,1
DA:532,2
DA:533,2
DA:534,2
DA:535,2
DA:536,8
DA:537,8
DA:538,8
DA:539,2
DA:540,2
DA:541,1
DA:542,1
DA:543,1
DA:544,1
DA:545,1
DA:546,1
DA:547,7
DA:548,7
DA:549,7
DA:550,1
DA:551,1
DA:552,1
DA:553,1
DA:554,1
DA:555,1
DA:556,1
DA:557,1
DA:558,3
DA:559,3
DA:560,3
DA:561,1
DA:562,1
DA:563,1
DA:564,1
DA:565,1
DA:566,1
DA:567,1
DA:568,1
DA:569,4
DA:570,4
DA:571,4
DA:572,1
DA:573,1
DA:574,1
DA:575,1
DA:576,0
DA:577,0
DA:578,0
DA:579,0
DA:580,0
DA:581,0
DA:582,0
DA:583,0
DA:584,0
DA:585,1
DA:586,1
DA:587,1
DA:588,1
DA:589,1
DA:590,1
DA:591,1
DA:592,2
DA:593,2
DA:594,2
DA:595,1
DA:596,1
DA:597,1
DA:598,1
DA:599,1
DA:600,1
DA:601,1
DA:602,1
DA:603,1
DA:604,1
DA:605,1
DA:606,1
DA:607,1
DA:608,1
DA:609,1
DA:610,1
DA:611,1
DA:612,1
DA:613,1
DA:614,1
DA:615,1
DA:616,1
DA:617,1
DA:618,1
DA:619,1
DA:620,1
DA:621,1
DA:622,1
DA:623,1
DA:624,1
DA:625,1
DA:626,1
DA:627,1
DA:628,1
DA:629,1
DA:630,1
DA:631,1
DA:632,0
DA:633,0
DA:634,0
DA:635,1
DA:636,1
DA:637,0
DA:638,0
DA:639,0
DA:640,1
DA:641,1
DA:642,2
DA:643,2
DA:644,2
DA:645,2
DA:646,912
DA:647,912
DA:648,912
DA:649,2
DA:650,2
DA:651,1
DA:652,1
DA:653,2
DA:654,2
DA:655,2
DA:656,2
DA:657,486
DA:658,486
DA:659,486
DA:660,2
DA:661,2
DA:662,1
DA:663,1
DA:664,2
DA:665,2
DA:666,2
DA:667,2
DA:668,38
DA:669,38
DA:670,38
DA:671,2
DA:672,2
DA:673,1
DA:674,1
DA:675,1
DA:676,1
DA:677,1
DA:678,1
DA:679,10
DA:680,10
DA:681,10
DA:682,1
DA:683,1
DA:684,1
DA:685,1
DA:686,1
DA:687,1
DA:688,1
DA:689,1
DA:690,3
DA:691,3
DA:692,3
DA:693,1
DA:694,1
DA:695,1
DA:696,1
DA:697,1
DA:698,1
DA:699,1
DA:700,1
DA:701,10
DA:702,10
DA:703,10
DA:704,1
DA:705,1
DA:706,1
DA:707,1
DA:708,2
DA:709,2
DA:710,2
DA:711,2
DA:712,16
DA:713,16
DA:714,16
DA:715,2
DA:716,2
DA:717,1
DA:718,1
DA:719,2
DA:720,2
DA:721,2
DA:722,2
DA:723,36
DA:724,36
DA:725,36
DA:726,2
DA:727,2
DA:728,1
DA:729,1
DA:730,2
DA:731,2
DA:732,2
DA:733,2
DA:734,70
DA:735,70
DA:736,70
DA:737,2
DA:738,2
DA:739,1
DA:740,1
DA:741,2
DA:742,2
DA:743,2
DA:744,2
DA:745,184
DA:746,184
DA:747,184
DA:748,2
DA:749,2
DA:750,1
DA:751,1
DA:752,2
DA:753,2
DA:754,2
DA:755,2
DA:756,8
DA:757,8
DA:758,8
DA:759,2
DA:760,2
DA:761,1
DA:762,1
DA:763,2
DA:764,2
DA:765,2
DA:766,2
DA:767,6
DA:768,6
DA:769,6
DA:770,2
DA:771,2
DA:772,1
DA:773,1
DA:774,2
DA:775,2
DA:776,2
DA:777,2
DA:778,6
DA:779,6
DA:780,6
DA:781,2
DA:782,2
DA:783,1
DA:784,1
DA:785,2
DA:786,2
DA:787,2
DA:788,2
DA:789,8
DA:790,8
DA:791,8
DA:792,2
DA:793,2
DA:794,1
DA:795,1
DA:796,2
DA:797,2
DA:798,2
DA:799,2
DA:800,10
DA:801,10
DA:802,10
DA:803,2
DA:804,2
DA:805,1
DA:806,1
DA:807,2
DA:808,2
DA:809,2
DA:810,2
DA:811,10
DA:812,10
DA:813,10
DA:814,2
DA:815,2
DA:816,1
DA:817,1
DA:818,2
DA:819,2
DA:820,2
DA:821,2
DA:822,4
DA:823,4
DA:824,4
DA:825,2
DA:826,2
DA:827,1
DA:828,1
DA:829,2
DA:830,2
DA:831,2
DA:832,2
DA:833,8
DA:834,8
DA:835,8
DA:836,2
DA:837,2
DA:838,1
DA:839,1
DA:840,1
DA:841,1
DA:842,1
DA:843,1
DA:844,29
DA:845,29
DA:846,29
DA:847,1
DA:848,1
DA:849,1
DA:850,1
DA:851,1
DA:852,1
DA:853,1
DA:854,1
DA:855,271
DA:856,271
DA:857,271
DA:858,1
DA:859,1
DA:860,1
DA:861,1
DA:862,0
DA:863,0
DA:864,0
DA:865,1
DA:866,1
DA:867,1
DA:868,1
DA:869,1
DA:870,1
DA:871,1
DA:872,1
DA:873,0
DA:874,0
DA:875,0
DA:876,0
DA:877,0
DA:878,0
DA:879,0
DA:880,0
DA:881,0
DA:882,0
DA:883,0
DA:884,0
DA:885,0
DA:886,0
DA:887,0
DA:888,0
DA:889,0
DA:890,0
DA:891,1
DA:892,1
DA:893,1
DA:894,1
DA:895,1
DA:896,84
DA:897,84
DA:898,84
DA:899,84
DA:900,84
DA:901,84
DA:902,84
DA:903,84
DA:904,84
DA:905,84
DA:906,84
DA:907,84
DA:908,84
DA:909,8298
DA:910,8298
DA:911,84
DA:912,84
DA:913,84
DA:914,1
DA:915,1
DA:916,0
DA:917,0
DA:918,0
DA:919,0
LF:919
LH:802
BRDA:919,0,0,0
BRDA:1,1,0,475
BRDA:1,2,0,25
BRDA:1,3,0,25
BRDA:1,4,0,0
BRDA:1,5,0,255
BRDA:1,6,0,25
BRDA:1,7,0,255
BRDA:100,8,0,1642
BRDA:101,9,0,166
BRDA:104,10,0,25
BRDA:111,11,0,25
BRDA:117,12,0,634
BRDA:117,13,0,0
BRDA:118,14,0,16
BRDA:118,15,0,0
BRDA:129,16,0,25
BRDA:145,17,0,0
BRDA:189,18,0,0
BRDA:194,19,0,0
BRDA:194,20,0,0
BRDA:202,21,0,0
BRDA:146,22,0,25
BRDA:148,23,0,0
BRDA:151,24,0,200
BRDA:153,25,0,0
BRDA:216,26,0,50
BRDA:218,27,0,0
BRDA:219,28,0,0
BRDA:220,29,0,550
BRDA:223,30,0,25
BRDA:225,31,0,0
BRDA:226,32,0,25
BRDA:226,33,0,0
BRDA:228,34,0,2276
BRDA:229,35,0,182
BRDA:233,36,0,230
BRDA:234,37,0,229
BRDA:234,38,0,205
BRDA:236,39,0,25
BRDA:237,40,0,0
BRDA:239,41,0,25
BRDA:241,42,0,0
BRDA:241,43,0,0
BRDA:248,44,0,25
BRDA:248,45,0,0
BRDA:252,46,0,25
BRDA:277,47,0,8
BRDA:283,48,0,6
BRDA:299,49,0,1
BRDA:302,50,0,4
BRDA:307,51,0,4
BRDA:313,52,0,3
BRDA:316,53,0,13
BRDA:321,54,0,13
BRDA:327,55,0,3
BRDA:331,56,0,6
BRDA:338,57,0,2
BRDA:349,58,0,6
BRDA:354,59,0,4
BRDA:361,60,0,1
BRDA:365,61,0,2
BRDA:382,62,0,25
BRDA:382,63,0,1
BRDA:398,64,0,1
BRDA:404,65,0,1
BRDA:410,66,0,5
BRDA:412,67,0,13
BRDA:418,68,0,3
BRDA:420,69,0,0
BRDA:426,70,0,3
BRDA:428,71,0,10
BRDA:434,72,0,1
BRDA:441,73,0,1
BRDA:448,74,0,1
BRDA:467,75,0,3
BRDA:470,76,0,163
BRDA:487,77,0,60
BRDA:490,78,0,5938
BRDA:492,79,0,0
BRDA:495,80,0,1
BRDA:507,81,0,1
BRDA:531,82,0,2
BRDA:535,83,0,8
BRDA:542,84,0,1
BRDA:546,85,0,7
BRDA:553,86,0,1
BRDA:557,87,0,3
BRDA:564,88,0,1
BRDA:568,89,0,4
BRDA:586,90,0,1
BRDA:591,91,0,2
BRDA:596,92,0,1
BRDA:601,93,0,1
BRDA:606,94,0,1
BRDA:611,95,0,1
BRDA:616,96,0,1
BRDA:621,97,0,1
BRDA:626,98,0,1
BRDA:641,99,0,2
BRDA:645,100,0,912
BRDA:652,101,0,2
BRDA:656,102,0,486
BRDA:663,103,0,2
BRDA:667,104,0,38
BRDA:674,105,0,1
BRDA:678,106,0,10
BRDA:685,107,0,1
BRDA:689,108,0,3
BRDA:696,109,0,1
BRDA:700,110,0,10
BRDA:707,111,0,2
BRDA:711,112,0,16
BRDA:718,113,0,2
BRDA:722,114,0,36
BRDA:729,115,0,2
BRDA:733,116,0,70
BRDA:740,117,0,2
BRDA:744,118,0,184
BRDA:751,119,0,2
BRDA:755,120,0,8
BRDA:762,121,0,2
BRDA:766,122,0,6
BRDA:773,123,0,2
BRDA:777,124,0,6
BRDA:784,125,0,2
BRDA:788,126,0,8
BRDA:795,127,0,2
BRDA:799,128,0,10
BRDA:806,129,0,2
BRDA:810,130,0,10
BRDA:817,131,0,2
BRDA:821,132,0,4
BRDA:828,133,0,2
BRDA:832,134,0,8
BRDA:839,135,0,1
BRDA:843,136,0,29
BRDA:850,137,0,1
BRDA:854,138,0,271
BRDA:866,139,0,1
BRDA:895,140,0,84
BRDA:908,141,0,8298
BRF:142
BRH:121
end_of_record
TN:
SF:src/compiler.ts
FN:1,__name
FN:1,__export
FN:1,__copyProps
FN:1,get
FN:1,__toESM
FN:1,__toCommonJS
FN:1,compile
FN:1,compileFile
FNF:8
FNH:7
FNDA:2,__name
FNDA:1,__export
FNDA:2,__copyProps
FNDA:1,get
FNDA:1,__toESM
FNDA:1,__toCommonJS
FNDA:1,compile
FNDA:0,compileFile
DA:1,1
DA:2,1
DA:3,1
DA:4,1
DA:5,1
DA:6,1
DA:7,1
DA:8,1
DA:9,1
DA:10,1
DA:11,1
DA:12,1
DA:13,1
DA:14,1
DA:15,1
DA:16,1
DA:17,1
DA:18,1
DA:19,1
DA:20,1
DA:21,1
DA:22,1
DA:23,1
DA:24,1
DA:25,1
DA:26,1
DA:27,1
DA:28,1
DA:29,1
DA:30,1
DA:31,1
DA:32,1
DA:33,1
DA:34,1
DA:35,1
DA:36,1
DA:37,1
DA:38,1
DA:39,1
DA:40,1
DA:41,1
DA:42,1
DA:43,1
DA:44,1
DA:45,1
DA:46,1
DA:47,1
DA:48,1
DA:49,1
DA:50,1
DA:51,1
DA:52,1
DA:53,1
DA:54,1
DA:55,1
DA:56,1
DA:57,1
DA:58,1
DA:59,1
DA:60,1
DA:61,1
DA:62,1
DA:63,0
DA:64,0
DA:65,0
LF:65
LH:62
BRDA:62,0,0,0
BRDA:1,1,0,2
BRDA:1,2,0,1
BRDA:1,3,0,2
BRDA:1,4,0,2
BRDA:1,5,0,0
BRDA:1,6,0,106
BRDA:1,7,0,1
BRDA:1,8,0,1
BRDA:1,9,0,0
BRDA:1,10,0,0
BRDA:1,11,0,1
BRDA:1,12,0,1
BRDA:33,13,0,1
BRDA:39,14,0,0
BRF:15
BRH:10
end_of_record
TN:
SF:src/env.ts
FN:1,__name
FN:1,__export
FN:1,__copyProps
FN:1,get
FN:1,__toCommonJS
FN:1,ARGUMENT_VAR_OFFSET
FN:1,ARG_SCOPE_END
FN:1,ARG_SCOPE_INDEX
FN:1,ATOM_STRINGS
FN:1,BYTECODE_VERSION
FN:1,BytecodeTag
FN:1,COMPILE_OPTIONS
FN:1,COPY_DATA_PROPERTIES_EXCLUDE_FIRST_SHIFT
FN:1,COPY_DATA_PROPERTIES_EXCLUDE_SECOND_SHIFT
FN:1,COPY_DATA_PROPERTIES_FLAGS_DEPTH0
FN:1,COPY_DATA_PROPERTIES_OPERAND_SPREAD
FN:1,CompileFlags
FN:1,DEBUG_SCOPE_INDEX
FN:1,DEFINE_GLOBAL_FUNC_VAR
FN:1,DEFINE_GLOBAL_LEX_VAR
FN:1,FIRST_ATOM_ID
FN:1,FOR_OF_NEXT_OPERAND_DEFAULT
FN:1,FunctionKind
FN:1,GLOBAL_VAR_OFFSET
FN:1,JSAtom
FN:1,JSMode
FN:1,JSParseExportEnum
FN:1,JSParseFunctionEnum
FN:1,JSVarKindEnum
FN:1,JS_ATOM_NULL
FN:1,JS_DEFINE_CLASS_HAS_HERITAGE
FN:1,JS_EVAL_TYPE_DIRECT
FN:1,JS_EVAL_TYPE_GLOBAL
FN:1,JS_EVAL_TYPE_INDIRECT
FN:1,JS_EVAL_TYPE_MASK
FN:1,JS_EVAL_TYPE_MODULE
FN:1,JS_FUNCTION_BYTECODE_FLAG_HAS_DEBUG
FN:1,JS_MAX_LOCAL_VARS
FN:1,JS_MODE_STRICT_DEFAULT
FN:1,JS_PROP_CONFIGURABLE
FN:1,JS_PROP_WRITABLE
FN:1,JS_STACK_SIZE_MAX
FN:1,JS_THROW_VAR_REDECL
FN:1,JS_THROW_VAR_RO
FN:1,JS_THROW_VAR_UNINITIALIZED
FN:1,OPCODE_BY_CODE
FN:1,OPCODE_DEFS
FN:1,OPCODE_NAME_TO_CODE
FN:1,OPSpecialObjectEnum
FN:1,OP_COUNT
FN:1,OP_DEFINE_METHOD_ENUMERABLE
FN:1,OP_DEFINE_METHOD_GETTER
FN:1,OP_DEFINE_METHOD_METHOD
FN:1,OP_DEFINE_METHOD_SETTER
FN:1,OpFormat
FN:1,Opcode
FN:1,PC2Line
FN:1,PutLValueEnum
FN:1,SHORT_OPCODES
FN:1,SHORT_OPCODE_DEFS
FN:1,STACK_LEVEL_UNSET
FN:1,TEMP_OPCODE_BY_CODE
FN:1,TEMP_OPCODE_DEFS
FN:1,TEMP_OPCODE_MAX
FN:1,TEMP_OPCODE_MIN
FN:1,TEMP_OPCODE_NAME_TO_CODE
FN:1,TempOpcode
FN:1,encodeCopyDataPropertiesFlags
FN:1,encodeCopyDataPropertiesOperand
FN:1,env
FN:193,encodeCopyDataPropertiesFlags
FN:203,encodeCopyDataPropertiesOperand
FNF:72
FNH:44
FNDA:56,__name
FNDA:28,__export
FNDA:28,__copyProps
FNDA:7169,get
FNDA:28,__toCommonJS
FNDA:1,ARGUMENT_VAR_OFFSET
FNDA:1,ARG_SCOPE_END
FNDA:1,ARG_SCOPE_INDEX
FNDA:227,ATOM_STRINGS
FNDA:1,BYTECODE_VERSION
FNDA:2,BytecodeTag
FNDA:1,COMPILE_OPTIONS
FNDA:0,COPY_DATA_PROPERTIES_EXCLUDE_FIRST_SHIFT
FNDA:0,COPY_DATA_PROPERTIES_EXCLUDE_SECOND_SHIFT
FNDA:0,COPY_DATA_PROPERTIES_FLAGS_DEPTH0
FNDA:3,COPY_DATA_PROPERTIES_OPERAND_SPREAD
FNDA:1,CompileFlags
FNDA:1,DEBUG_SCOPE_INDEX
FNDA:50,DEFINE_GLOBAL_FUNC_VAR
FNDA:0,DEFINE_GLOBAL_LEX_VAR
FNDA:2,FIRST_ATOM_ID
FNDA:1,FOR_OF_NEXT_OPERAND_DEFAULT
FNDA:1,FunctionKind
FNDA:1,GLOBAL_VAR_OFFSET
FNDA:246,JSAtom
FNDA:1,JSMode
FNDA:1,JSParseExportEnum
FNDA:1,JSParseFunctionEnum
FNDA:84,JSVarKindEnum
FNDA:172,JS_ATOM_NULL
FNDA:1,JS_DEFINE_CLASS_HAS_HERITAGE
FNDA:0,JS_EVAL_TYPE_DIRECT
FNDA:0,JS_EVAL_TYPE_GLOBAL
FNDA:0,JS_EVAL_TYPE_INDIRECT
FNDA:0,JS_EVAL_TYPE_MASK
FNDA:0,JS_EVAL_TYPE_MODULE
FNDA:0,JS_FUNCTION_BYTECODE_FLAG_HAS_DEBUG
FNDA:1,JS_MAX_LOCAL_VARS
FNDA:0,JS_MODE_STRICT_DEFAULT
FNDA:0,JS_PROP_CONFIGURABLE
FNDA:0,JS_PROP_WRITABLE
FNDA:1,JS_STACK_SIZE_MAX
FNDA:0,JS_THROW_VAR_REDECL
FNDA:0,JS_THROW_VAR_RO
FNDA:0,JS_THROW_VAR_UNINITIALIZED
FNDA:1242,OPCODE_BY_CODE
FNDA:252,OPCODE_DEFS
FNDA:0,OPCODE_NAME_TO_CODE
FNDA:29,OPSpecialObjectEnum
FNDA:0,OP_COUNT
FNDA:0,OP_DEFINE_METHOD_ENUMERABLE
FNDA:1,OP_DEFINE_METHOD_GETTER
FNDA:8,OP_DEFINE_METHOD_METHOD
FNDA:1,OP_DEFINE_METHOD_SETTER
FNDA:1,OpFormat
FNDA:3037,Opcode
FNDA:2,PC2Line
FNDA:1,PutLValueEnum
FNDA:0,SHORT_OPCODES
FNDA:0,SHORT_OPCODE_DEFS
FNDA:0,STACK_LEVEL_UNSET
FNDA:1249,TEMP_OPCODE_BY_CODE
FNDA:19,TEMP_OPCODE_DEFS
FNDA:0,TEMP_OPCODE_MAX
FNDA:0,TEMP_OPCODE_MIN
FNDA:0,TEMP_OPCODE_NAME_TO_CODE
FNDA:525,TempOpcode
FNDA:0,encodeCopyDataPropertiesFlags
FNDA:0,encodeCopyDataPropertiesOperand
FNDA:0,env
FNDA:28,encodeCopyDataPropertiesFlags
FNDA:28,encodeCopyDataPropertiesOperand
DA:1,0
DA:2,1
DA:3,1
DA:4,1
DA:5,1
DA:6,1
DA:7,1
DA:8,1
DA:9,1
DA:10,1
DA:11,1
DA:12,1
DA:13,1
DA:14,1
DA:15,1
DA:16,1
DA:17,1
DA:18,1
DA:19,1
DA:20,1
DA:21,1
DA:22,1
DA:23,1
DA:24,1
DA:25,1
DA:26,1
DA:27,1
DA:28,1
DA:29,1
DA:30,1
DA:31,1
DA:32,1
DA:33,1
DA:34,1
DA:35,1
DA:36,1
DA:37,1
DA:38,1
DA:39,1
DA:40,1
DA:41,1
DA:42,1
DA:43,1
DA:44,1
DA:45,1
DA:46,1
DA:47,1
DA:48,1
DA:49,1
DA:50,1
DA:51,1
DA:52,1
DA:53,1
DA:54,1
DA:55,1
DA:56,1
DA:57,1
DA:58,1
DA:59,1
DA:60,1
DA:61,1
DA:62,1
DA:63,1
DA:64,1
DA:65,1
DA:66,1
DA:67,1
DA:68,1
DA:69,1
DA:70,1
DA:71,1
DA:72,1
DA:73,1
DA:74,1
DA:75,1
DA:76,1
DA:77,1
DA:78,1
DA:79,1
DA:80,1
DA:81,1
DA:82,1
DA:83,1
DA:84,1
DA:85,1
DA:86,1
DA:87,1
DA:88,1
DA:89,1
DA:90,1
DA:91,1
DA:92,1
DA:93,1
DA:94,1
DA:95,1
DA:96,1
DA:97,1
DA:98,1
DA:99,1
DA:100,1
DA:101,1
DA:102,1
DA:103,1
DA:104,1
DA:105,1
DA:106,1
DA:107,1
DA:108,1
DA:109,1
DA:110,1
DA:111,1
DA:112,1
DA:113,1
DA:114,1
DA:115,1
DA:116,1
DA:117,1
DA:118,1
DA:119,1
DA:120,1
DA:121,1
DA:122,1
DA:123,1
DA:124,1
DA:125,1
DA:126,1
DA:127,1
DA:128,1
DA:129,1
DA:130,1
DA:131,1
DA:132,1
DA:133,1
DA:134,1
DA:135,1
DA:136,1
DA:137,1
DA:138,1
DA:139,1
DA:140,1
DA:141,1
DA:142,1
DA:143,1
DA:144,1
DA:145,1
DA:146,1
DA:147,1
DA:148,1
DA:149,1
DA:150,1
DA:151,1
DA:152,1
DA:153,1
DA:154,1
DA:155,1
DA:156,1
DA:157,1
DA:158,1
DA:159,1
DA:160,1
DA:161,1
DA:162,1
DA:163,1
DA:164,1
DA:165,1
DA:166,1
DA:167,1
DA:168,1
DA:169,1
DA:170,1
DA:171,1
DA:172,1
DA:173,1
DA:174,1
DA:175,1
DA:176,1
DA:177,1
DA:178,1
DA:179,1
DA:180,1
DA:181,1
DA:182,1
DA:183,1
DA:184,1
DA:185,1
DA:186,1
DA:187,1
DA:188,1
DA:189,1
DA:190,1
DA:191,1
DA:192,1
DA:193,1
DA:194,28
DA:195,28
DA:196,1
DA:197,1
DA:198,1
DA:199,1
DA:200,1
DA:201,1
DA:202,1
DA:203,1
DA:204,28
DA:205,28
DA:206,1
DA:207,1
DA:208,1
DA:209,1
DA:210,1
DA:211,1
DA:212,1
DA:213,1
DA:214,1
DA:215,1
DA:216,1
DA:217,1
DA:218,1
DA:219,1
DA:220,1
DA:221,1
DA:222,1
DA:223,1
DA:224,1
DA:225,1
DA:226,1
DA:227,1
DA:228,1
DA:229,1
DA:230,1
DA:231,1
DA:232,1
DA:233,1
DA:234,1
DA:235,1
DA:236,1
DA:237,1
DA:238,1
DA:239,1
DA:240,1
DA:241,1
DA:242,1
DA:243,1
DA:244,1
DA:245,1
DA:246,1
DA:247,1
DA:248,1
DA:249,1
DA:250,1
DA:251,1
DA:252,1
DA:253,1
DA:254,1
DA:255,1
DA:256,1
DA:257,1
DA:258,1
DA:259,1
DA:260,1
DA:261,1
DA:262,1
DA:263,1
DA:264,1
DA:265,1
DA:266,1
DA:267,1
DA:268,1
DA:269,1
DA:270,1
DA:271,1
DA:272,1
DA:273,1
DA:274,1
DA:275,1
DA:276,1
DA:277,1
DA:278,1
DA:279,1
DA:280,1
DA:281,1
DA:282,1
DA:283,1
DA:284,1
DA:285,1
DA:286,1
DA:287,1
DA:288,1
DA:289,1
DA:290,1
DA:291,1
DA:292,1
DA:293,1
DA:294,1
DA:295,1
DA:296,1
DA:297,1
DA:298,1
DA:299,1
DA:300,1
DA:301,1
DA:302,1
DA:303,1
DA:304,1
DA:305,1
DA:306,1
DA:307,1
DA:308,1
DA:309,1
DA:310,1
DA:311,1
DA:312,1
DA:313,1
DA:314,1
DA:315,1
DA:316,1
DA:317,1
DA:318,1
DA:319,1
DA:320,1
DA:321,1
DA:322,1
DA:323,1
DA:324,1
DA:325,1
DA:326,1
DA:327,1
DA:328,1
DA:329,1
DA:330,1
DA:331,1
DA:332,1
DA:333,1
DA:334,1
DA:335,1
DA:336,1
DA:337,1
DA:338,1
DA:339,1
DA:340,1
DA:341,1
DA:342,1
DA:343,1
DA:344,1
DA:345,1
DA:346,1
DA:347,1
DA:348,1
DA:349,1
DA:350,1
DA:351,1
DA:352,1
DA:353,1
DA:354,1
DA:355,1
DA:356,1
DA:357,1
DA:358,1
DA:359,1
DA:360,1
DA:361,1
DA:362,1
DA:363,1
DA:364,1
DA:365,1
DA:366,1
DA:367,1
DA:368,1
DA:369,1
DA:370,1
DA:371,1
DA:372,1
DA:373,1
DA:374,1
DA:375,1
DA:376,1
DA:377,1
DA:378,1
DA:379,1
DA:380,1
DA:381,1
DA:382,1
DA:383,1
DA:384,1
DA:385,1
DA:386,1
DA:387,1
DA:388,1
DA:389,1
DA:390,1
DA:391,1
DA:392,1
DA:393,1
DA:394,1
DA:395,1
DA:396,1
DA:397,1
DA:398,1
DA:399,1
DA:400,1
DA:401,1
DA:402,1
DA:403,1
DA:404,1
DA:405,1
DA:406,1
DA:407,1
DA:408,1
DA:409,1
DA:410,1
DA:411,1
DA:412,1
DA:413,1
DA:414,1
DA:415,1
DA:416,1
DA:417,1
DA:418,1
DA:419,1
DA:420,1
DA:421,1
DA:422,1
DA:423,1
DA:424,1
DA:425,1
DA:426,1
DA:427,1
DA:428,1
DA:429,1
DA:430,1
DA:431,1
DA:432,1
DA:433,1
DA:434,1
DA:435,1
DA:436,1
DA:437,1
DA:438,1
DA:439,1
DA:440,1
DA:441,1
DA:442,1
DA:443,1
DA:444,1
DA:445,1
DA:446,1
DA:447,1
DA:448,1
DA:449,1
DA:450,1
DA:451,1
DA:452,1
DA:453,1
DA:454,1
DA:455,1
DA:456,1
DA:457,1
DA:458,1
DA:459,1
DA:460,1
DA:461,1
DA:462,1
DA:463,1
DA:464,1
DA:465,1
DA:466,1
DA:467,1
DA:468,1
DA:469,1
DA:470,1
DA:471,1
DA:472,1
DA:473,1
DA:474,1
DA:475,1
DA:476,1
DA:477,1
DA:478,1
DA:479,1
DA:480,1
DA:481,1
DA:482,1
DA:483,1
DA:484,1
DA:485,1
DA:486,1
DA:487,1
DA:488,1
DA:489,1
DA:490,1
DA:491,1
DA:492,1
DA:493,1
DA:494,1
DA:495,1
DA:496,1
DA:497,1
DA:498,1
DA:499,1
DA:500,1
DA:501,1
DA:502,1
DA:503,1
DA:504,1
DA:505,1
DA:506,1
DA:507,1
DA:508,1
DA:509,1
DA:510,1
DA:511,1
DA:512,1
DA:513,1
DA:514,1
DA:515,1
DA:516,1
DA:517,1
DA:518,1
DA:519,1
DA:520,1
DA:521,1
DA:522,1
DA:523,1
DA:524,1
DA:525,1
DA:526,1
DA:527,1
DA:528,1
DA:529,1
DA:530,1
DA:531,1
DA:532,1
DA:533,1
DA:534,1
DA:535,1
DA:536,1
DA:537,1
DA:538,1
DA:539,1
DA:540,1
DA:541,1
DA:542,1
DA:543,1
DA:544,1
DA:545,1
DA:546,1
DA:547,1
DA:548,1
DA:549,1
DA:550,1
DA:551,1
DA:552,1
DA:553,1
DA:554,1
DA:555,1
DA:556,1
DA:557,1
DA:558,1
DA:559,1
DA:560,1
DA:561,1
DA:562,1
DA:563,1
DA:564,1
DA:565,1
DA:566,1
DA:567,1
DA:568,1
DA:569,1
DA:570,1
DA:571,1
DA:572,1
DA:573,1
DA:574,1
DA:575,1
DA:576,1
DA:577,1
DA:578,1
DA:579,1
DA:580,1
DA:581,1
DA:582,1
DA:583,1
DA:584,1
DA:585,1
DA:586,1
DA:587,1
DA:588,1
DA:589,1
DA:590,1
DA:591,1
DA:592,1
DA:593,1
DA:594,1
DA:595,1
DA:596,1
DA:597,1
DA:598,1
DA:599,1
DA:600,1
DA:601,1
DA:602,1
DA:603,1
DA:604,1
DA:605,1
DA:606,1
DA:607,1
DA:608,1
DA:609,1
DA:610,1
DA:611,1
DA:612,1
DA:613,1
DA:614,1
DA:615,1
DA:616,1
DA:617,1
DA:618,1
DA:619,1
DA:620,1
DA:621,1
DA:622,1
DA:623,1
DA:624,1
DA:625,1
DA:626,1
DA:627,1
DA:628,1
DA:629,1
DA:630,1
DA:631,1
DA:632,1
DA:633,1
DA:634,1
DA:635,1
DA:636,1
DA:637,1
DA:638,1
DA:639,1
DA:640,1
DA:641,1
DA:642,1
DA:643,1
DA:644,1
DA:645,1
DA:646,1
DA:647,1
DA:648,1
DA:649,1
DA:650,1
DA:651,1
DA:652,1
DA:653,1
DA:654,1
DA:655,1
DA:656,1
DA:657,1
DA:658,1
DA:659,1
DA:660,1
DA:661,1
DA:662,1
DA:663,1
DA:664,1
DA:665,1
DA:666,1
DA:667,1
DA:668,1
DA:669,1
DA:670,1
DA:671,1
DA:672,1
DA:673,1
DA:674,1
DA:675,1
DA:676,1
DA:677,1
DA:678,1
DA:679,1
DA:680,1
DA:681,1
DA:682,1
DA:683,1
DA:684,1
DA:685,1
DA:686,1
DA:687,1
DA:688,1
DA:689,1
DA:690,1
DA:691,1
DA:692,1
DA:693,1
DA:694,1
DA:695,1
DA:696,1
DA:697,1
DA:698,1
DA:699,1
DA:700,1
DA:701,1
DA:702,1
DA:703,1
DA:704,1
DA:705,1
DA:706,1
DA:707,1
DA:708,1
DA:709,1
DA:710,1
DA:711,1
DA:712,1
DA:713,1
DA:714,1
DA:715,1
DA:716,1
DA:717,1
DA:718,1
DA:719,1
DA:720,1
DA:721,1
DA:722,1
DA:723,1
DA:724,1
DA:725,1
DA:726,1
DA:727,1
DA:728,1
DA:729,1
DA:730,1
DA:731,1
DA:732,1
DA:733,1
DA:734,1
DA:735,1
DA:736,1
DA:737,1
DA:738,1
DA:739,1
DA:740,1
DA:741,1
DA:742,1
DA:743,1
DA:744,1
DA:745,1
DA:746,1
DA:747,1
DA:748,1
DA:749,1
DA:750,1
DA:751,1
DA:752,1
DA:753,1
DA:754,1
DA:755,1
DA:756,1
DA:757,1
DA:758,1
DA:759,1
DA:760,1
DA:761,1
DA:762,1
DA:763,1
DA:764,1
DA:765,1
DA:766,1
DA:767,1
DA:768,1
DA:769,1
DA:770,1
DA:771,1
DA:772,1
DA:773,1
DA:774,1
DA:775,1
DA:776,1
DA:777,1
DA:778,1
DA:779,1
DA:780,1
DA:781,1
DA:782,1
DA:783,1
DA:784,1
DA:785,1
DA:786,1
DA:787,1
DA:788,1
DA:789,1
DA:790,1
DA:791,1
DA:792,1
DA:793,1
DA:794,1
DA:795,1
DA:796,1
DA:797,1
DA:798,1
DA:799,1
DA:800,1
DA:801,1
DA:802,1
DA:803,1
DA:804,1
DA:805,1
DA:806,1
DA:807,1
DA:808,1
DA:809,1
DA:810,1
DA:811,1
DA:812,1
DA:813,1
DA:814,1
DA:815,1
DA:816,1
DA:817,1
DA:818,1
DA:819,1
DA:820,1
DA:821,1
DA:822,1
DA:823,1
DA:824,1
DA:825,1
DA:826,1
DA:827,1
DA:828,1
DA:829,1
DA:830,1
DA:831,1
DA:832,1
DA:833,1
DA:834,1
DA:835,1
DA:836,1
DA:837,1
DA:838,1
DA:839,1
DA:840,1
DA:841,1
DA:842,1
DA:843,1
DA:844,1
DA:845,1
DA:846,1
DA:847,1
DA:848,1
DA:849,1
DA:850,1
DA:851,1
DA:852,1
DA:853,1
DA:854,1
DA:855,1
DA:856,1
DA:857,1
DA:858,1
DA:859,1
DA:860,1
DA:861,1
DA:862,1
DA:863,1
DA:864,1
DA:865,1
DA:866,1
DA:867,1
DA:868,1
DA:869,1
DA:870,1
DA:871,1
DA:872,1
DA:873,1
DA:874,1
DA:875,1
DA:876,1
DA:877,1
DA:878,1
DA:879,1
DA:880,1
DA:881,1
DA:882,1
DA:883,1
DA:884,1
DA:885,1
DA:886,1
DA:887,1
DA:888,1
DA:889,1
DA:890,1
DA:891,1
DA:892,1
DA:893,1
DA:894,1
DA:895,1
DA:896,1
DA:897,1
DA:898,1
DA:899,1
DA:900,1
DA:901,1
DA:902,1
DA:903,1
DA:904,1
DA:905,1
DA:906,1
DA:907,1
DA:908,1
DA:909,1
DA:910,1
DA:911,1
DA:912,1
DA:913,1
DA:914,1
DA:915,1
DA:916,1
DA:917,1
DA:918,1
DA:919,1
DA:920,1
DA:921,1
DA:922,1
DA:923,1
DA:924,1
DA:925,1
DA:926,1
DA:927,1
DA:928,1
DA:929,1
DA:930,1
DA:931,1
DA:932,1
DA:933,1
DA:934,1
DA:935,1
DA:936,1
DA:937,1
DA:938,1
DA:939,1
DA:940,1
DA:941,1
DA:942,1
DA:943,1
DA:944,1
DA:945,1
DA:946,1
DA:947,1
DA:948,1
DA:949,1
DA:950,1
DA:951,1
DA:952,1
DA:953,1
DA:954,1
DA:955,1
DA:956,1
DA:957,1
DA:958,1
DA:959,1
DA:960,1
DA:961,1
DA:962,1
DA:963,1
DA:964,1
DA:965,1
DA:966,1
DA:967,1
DA:968,1
DA:969,1
DA:970,1
DA:971,1
DA:972,1
DA:973,1
DA:974,1
DA:975,1
DA:976,1
DA:977,1
DA:978,1
DA:979,1
DA:980,1
DA:981,1
DA:982,1
DA:983,1
DA:984,1
DA:985,1
DA:986,1
DA:987,1
DA:988,1
DA:989,1
DA:990,1
DA:991,1
DA:992,1
DA:993,1
DA:994,1
DA:995,1
DA:996,1
DA:997,1
DA:998,1
DA:999,1
DA:1000,1
DA:1001,1
DA:1002,1
DA:1003,1
DA:1004,1
DA:1005,1
DA:1006,1
DA:1007,1
DA:1008,1
DA:1009,1
DA:1010,1
DA:1011,1
DA:1012,1
DA:1013,1
DA:1014,1
DA:1015,1
DA:1016,1
DA:1017,1
DA:1018,1
DA:1019,1
DA:1020,1
DA:1021,1
DA:1022,1
DA:1023,1
DA:1024,1
DA:1025,1
DA:1026,1
DA:1027,1
DA:1028,1
DA:1029,1
DA:1030,1
DA:1031,1
DA:1032,1
DA:1033,1
DA:1034,1
DA:1035,1
DA:1036,1
DA:1037,1
DA:1038,1
DA:1039,1
DA:1040,1
DA:1041,1
DA:1042,1
DA:1043,1
DA:1044,1
DA:1045,1
DA:1046,1
DA:1047,1
DA:1048,1
DA:1049,1
DA:1050,1
DA:1051,1
DA:1052,1
DA:1053,1
DA:1054,1
DA:1055,1
DA:1056,1
DA:1057,1
DA:1058,1
DA:1059,1
DA:1060,1
DA:1061,1
DA:1062,1
DA:1063,1
DA:1064,1
DA:1065,1
DA:1066,1
DA:1067,1
DA:1068,1
DA:1069,1
DA:1070,1
DA:1071,1
DA:1072,1
DA:1073,1
DA:1074,1
DA:1075,1
DA:1076,1
DA:1077,1
DA:1078,1
DA:1079,1
DA:1080,1
DA:1081,1
DA:1082,1
DA:1083,1
DA:1084,1
DA:1085,1
DA:1086,1
DA:1087,1
DA:1088,1
DA:1089,1
DA:1090,1
DA:1091,1
DA:1092,1
DA:1093,1
DA:1094,1
DA:1095,1
DA:1096,1
DA:1097,1
DA:1098,1
DA:1099,1
DA:1100,1
DA:1101,1
DA:1102,1
DA:1103,1
DA:1104,1
DA:1105,1
DA:1106,1
DA:1107,1
DA:1108,1
DA:1109,1
DA:1110,1
DA:1111,1
DA:1112,1
DA:1113,1
DA:1114,1
DA:1115,1
DA:1116,1
DA:1117,1
DA:1118,1
DA:1119,1
DA:1120,1
DA:1121,1
DA:1122,1
DA:1123,1
DA:1124,1
DA:1125,1
DA:1126,1
DA:1127,1
DA:1128,1
DA:1129,1
DA:1130,1
DA:1131,1
DA:1132,1
DA:1133,1
DA:1134,1
DA:1135,1
DA:1136,1
DA:1137,1
DA:1138,1
DA:1139,1
DA:1140,1
DA:1141,1
DA:1142,1
DA:1143,1
DA:1144,1
DA:1145,1
DA:1146,1
DA:1147,1
DA:1148,1
DA:1149,1
DA:1150,1
DA:1151,1
DA:1152,1
DA:1153,1
DA:1154,1
DA:1155,1
DA:1156,1
DA:1157,1
DA:1158,1
DA:1159,1
DA:1160,1
DA:1161,1
DA:1162,1
DA:1163,1
DA:1164,1
DA:1165,1
DA:1166,1
DA:1167,1
DA:1168,1
DA:1169,1
DA:1170,1
DA:1171,1
DA:1172,1
DA:1173,1
DA:1174,1
DA:1175,1
DA:1176,1
DA:1177,1
DA:1178,1
DA:1179,1
DA:1180,1
DA:1181,1
DA:1182,1
DA:1183,1
DA:1184,1
DA:1185,1
DA:1186,1
DA:1187,1
DA:1188,1
DA:1189,1
DA:1190,1
DA:1191,1
DA:1192,1
DA:1193,1
DA:1194,1
DA:1195,1
DA:1196,1
DA:1197,1
DA:1198,1
DA:1199,1
DA:1200,1
DA:1201,1
DA:1202,1
DA:1203,1
DA:1204,1
DA:1205,1
DA:1206,1
DA:1207,1
DA:1208,1
DA:1209,1
DA:1210,1
DA:1211,1
DA:1212,1
DA:1213,1
DA:1214,1
DA:1215,1
DA:1216,1
DA:1217,1
DA:1218,1
DA:1219,1
DA:1220,1
DA:1221,1
DA:1222,1
DA:1223,1
DA:1224,1
DA:1225,1
DA:1226,1
DA:1227,1
DA:1228,1
DA:1229,1
DA:1230,1
DA:1231,1
DA:1232,1
DA:1233,1
DA:1234,1
DA:1235,1
DA:1236,1
DA:1237,1
DA:1238,1
DA:1239,1
DA:1240,1
DA:1241,1
DA:1242,1
DA:1243,1
DA:1244,1
DA:1245,1
DA:1246,1
DA:1247,1
DA:1248,1
DA:1249,1
DA:1250,1
DA:1251,1
DA:1252,1
DA:1253,1
DA:1254,1
DA:1255,1
DA:1256,1
DA:1257,1
DA:1258,1
DA:1259,1
DA:1260,1
DA:1261,1
DA:1262,1
DA:1263,1
DA:1264,1
DA:1265,1
DA:1266,1
DA:1267,1
DA:1268,1
DA:1269,1
DA:1270,1
DA:1271,1
DA:1272,1
DA:1273,1
DA:1274,1
DA:1275,1
DA:1276,1
DA:1277,1
DA:1278,1
DA:1279,1
DA:1280,1
DA:1281,1
DA:1282,1
DA:1283,1
DA:1284,1
DA:1285,1
DA:1286,1
DA:1287,1
DA:1288,1
DA:1289,1
DA:1290,1
DA:1291,1
DA:1292,1
DA:1293,1
DA:1294,1
DA:1295,1
DA:1296,1
DA:1297,1
DA:1298,1
DA:1299,1
DA:1300,1
DA:1301,1
DA:1302,1
DA:1303,1
DA:1304,1
DA:1305,1
DA:1306,1
DA:1307,1
DA:1308,1
DA:1309,1
DA:1310,1
DA:1311,1
DA:1312,1
DA:1313,1
DA:1314,1
DA:1315,1
DA:1316,1
DA:1317,1
DA:1318,1
DA:1319,1
DA:1320,1
DA:1321,1
DA:1322,1
DA:1323,1
DA:1324,1
DA:1325,1
DA:1326,1
DA:1327,1
DA:1328,1
DA:1329,1
DA:1330,1
DA:1331,1
DA:1332,1
DA:1333,1
DA:1334,1
DA:1335,1
DA:1336,1
DA:1337,1
DA:1338,1
DA:1339,1
DA:1340,1
DA:1341,1
DA:1342,1
DA:1343,1
DA:1344,1
DA:1345,1
DA:1346,1
DA:1347,1
DA:1348,1
DA:1349,1
DA:1350,1
DA:1351,1
DA:1352,1
DA:1353,1
DA:1354,1
DA:1355,1
DA:1356,1
DA:1357,1
DA:1358,1
DA:1359,1
DA:1360,1
DA:1361,1
DA:1362,1
DA:1363,1
DA:1364,1
DA:1365,1
DA:1366,1
DA:1367,1
DA:1368,1
DA:1369,1
DA:1370,1
DA:1371,1
DA:1372,1
DA:1373,1
DA:1374,1
DA:1375,1
DA:1376,1
DA:1377,1
DA:1378,1
DA:1379,1
DA:1380,1
DA:1381,1
DA:1382,1
DA:1383,1
DA:1384,1
DA:1385,1
DA:1386,1
DA:1387,1
DA:1388,1
DA:1389,1
DA:1390,1
DA:1391,1
DA:1392,1
DA:1393,1
DA:1394,1
DA:1395,1
DA:1396,1
DA:1397,1
DA:1398,1
DA:1399,1
DA:1400,1
DA:1401,1
DA:1402,1
DA:1403,1
DA:1404,1
DA:1405,1
DA:1406,1
DA:1407,1
DA:1408,1
DA:1409,1
DA:1410,1
DA:1411,1
DA:1412,1
DA:1413,1
DA:1414,1
DA:1415,1
DA:1416,1
DA:1417,1
DA:1418,1
DA:1419,1
DA:1420,1
DA:1421,1
DA:1422,1
DA:1423,1
DA:1424,1
DA:1425,1
DA:1426,1
DA:1427,1
DA:1428,1
DA:1429,1
DA:1430,1
DA:1431,1
DA:1432,1
DA:1433,1
DA:1434,1
DA:1435,1
DA:1436,1
DA:1437,1
DA:1438,1
DA:1439,1
DA:1440,1
DA:1441,1
DA:1442,1
DA:1443,1
DA:1444,1
DA:1445,1
DA:1446,1
DA:1447,1
DA:1448,1
DA:1449,1
DA:1450,1
DA:1451,1
DA:1452,1
DA:1453,1
DA:1454,1
DA:1455,1
DA:1456,1
DA:1457,1
DA:1458,1
DA:1459,1
DA:1460,1
DA:1461,1
DA:1462,1
DA:1463,1
DA:1464,1
DA:1465,1
DA:1466,1
DA:1467,1
DA:1468,1
DA:1469,1
DA:1470,1
DA:1471,1
DA:1472,1
DA:1473,1
DA:1474,1
DA:1475,1
DA:1476,1
DA:1477,1
DA:1478,1
DA:1479,1
DA:1480,1
DA:1481,1
DA:1482,1
DA:1483,1
DA:1484,1
DA:1485,1
DA:1486,1
DA:1487,1
DA:1488,1
DA:1489,1
DA:1490,1
DA:1491,1
DA:1492,1
DA:1493,1
DA:1494,1
DA:1495,1
DA:1496,1
DA:1497,1
DA:1498,1
DA:1499,1
DA:1500,1
DA:1501,1
DA:1502,1
DA:1503,1
DA:1504,1
DA:1505,1
DA:1506,1
DA:1507,1
DA:1508,1
DA:1509,1
DA:1510,1
DA:1511,1
DA:1512,1
DA:1513,1
DA:1514,1
DA:1515,1
DA:1516,1
DA:1517,1
DA:1518,1
DA:1519,1
DA:1520,1
DA:1521,1
DA:1522,1
DA:1523,1
DA:1524,1
DA:1525,1
DA:1526,1
DA:1527,1
DA:1528,1
DA:1529,1
DA:1530,1
DA:1531,1
DA:1532,1
DA:1533,1
DA:1534,1
DA:1535,1
DA:1536,1
DA:1537,1
DA:1538,1
DA:1539,1
DA:1540,1
DA:1541,1
DA:1542,1
DA:1543,1
DA:1544,1
DA:1545,1
DA:1546,1
DA:1547,1
DA:1548,1
DA:1549,1
DA:1550,1
DA:1551,1
DA:1552,1
DA:1553,1
DA:1554,1
DA:1555,1
DA:1556,1
DA:1557,1
DA:1558,1
DA:1559,1
DA:1560,1
DA:1561,1
DA:1562,1
DA:1563,1
DA:1564,1
DA:1565,1
DA:1566,1
DA:1567,1
DA:1568,1
DA:1569,1
DA:1570,1
DA:1571,1
DA:1572,1
DA:1573,1
DA:1574,1
DA:1575,1
DA:1576,1
DA:1577,1
DA:1578,1
DA:1579,1
DA:1580,1
DA:1581,1
DA:1582,1
DA:1583,1
DA:1584,1
DA:1585,1
DA:1586,1
DA:1587,1
DA:1588,1
DA:1589,1
DA:1590,1
DA:1591,1
DA:1592,1
DA:1593,1
DA:1594,1
DA:1595,1
DA:1596,1
DA:1597,1
DA:1598,1
DA:1599,1
DA:1600,1
DA:1601,1
DA:1602,1
DA:1603,1
DA:1604,1
DA:1605,1
DA:1606,1
DA:1607,1
DA:1608,1
DA:1609,1
DA:1610,1
DA:1611,1
DA:1612,1
DA:1613,1
DA:1614,1
DA:1615,1
DA:1616,1
DA:1617,1
DA:1618,1
DA:1619,1
DA:1620,1
DA:1621,1
DA:1622,1
DA:1623,1
DA:1624,1
DA:1625,1
DA:1626,1
DA:1627,1
DA:1628,1
DA:1629,1
DA:1630,1
DA:1631,1
DA:1632,1
DA:1633,1
DA:1634,1
DA:1635,1
DA:1636,1
DA:1637,1
DA:1638,1
DA:1639,1
DA:1640,1
DA:1641,1
DA:1642,1
DA:1643,1
DA:1644,1
DA:1645,1
DA:1646,1
DA:1647,1
DA:1648,1
DA:1649,1
DA:1650,1
DA:1651,1
DA:1652,1
DA:1653,1
DA:1654,1
DA:1655,1
DA:1656,1
DA:1657,1
DA:1658,1
DA:1659,1
DA:1660,1
DA:1661,1
DA:1662,1
DA:1663,1
DA:1664,1
DA:1665,1
DA:1666,1
DA:1667,1
DA:1668,1
DA:1669,1
DA:1670,1
DA:1671,1
DA:1672,1
DA:1673,1
DA:1674,1
DA:1675,1
DA:1676,1
DA:1677,1
DA:1678,1
DA:1679,1
DA:1680,1
DA:1681,1
DA:1682,1
DA:1683,1
DA:1684,1
DA:1685,1
DA:1686,1
DA:1687,1
DA:1688,1
DA:1689,1
DA:1690,1
DA:1691,1
DA:1692,1
DA:1693,1
DA:1694,1
DA:1695,1
DA:1696,1
DA:1697,1
DA:1698,1
DA:1699,1
DA:1700,1
DA:1701,1
DA:1702,1
DA:1703,1
DA:1704,1
DA:1705,1
DA:1706,1
DA:1707,1
DA:1708,1
DA:1709,1
DA:1710,1
DA:1711,1
DA:1712,1
DA:1713,1
DA:1714,1
DA:1715,1
DA:1716,1
DA:1717,1
DA:1718,1
DA:1719,1
DA:1720,1
DA:1721,1
DA:1722,1
DA:1723,1
DA:1724,1
DA:1725,1
DA:1726,1
DA:1727,1
DA:1728,1
DA:1729,1
DA:1730,1
DA:1731,1
DA:1732,1
DA:1733,1
DA:1734,1
DA:1735,1
DA:1736,1
DA:1737,1
DA:1738,1
DA:1739,1
DA:1740,1
DA:1741,1
DA:1742,1
DA:1743,1
DA:1744,1
DA:1745,1
DA:1746,1
DA:1747,1
DA:1748,1
DA:1749,1
DA:1750,1
DA:1751,1
DA:1752,1
DA:1753,1
DA:1754,1
DA:1755,1
DA:1756,1
DA:1757,1
DA:1758,1
DA:1759,1
DA:1760,1
DA:1761,1
DA:1762,1
DA:1763,1
DA:1764,1
DA:1765,1
DA:1766,1
DA:1767,1
DA:1768,1
DA:1769,1
DA:1770,1
DA:1771,1
DA:1772,1
DA:1773,1
DA:1774,1
DA:1775,1
DA:1776,1
DA:1777,1
DA:1778,1
DA:1779,1
DA:1780,1
DA:1781,1
DA:1782,1
DA:1783,1
DA:1784,1
DA:1785,1
DA:1786,1
DA:1787,1
DA:1788,1
DA:1789,1
DA:1790,1
DA:1791,1
DA:1792,1
DA:1793,1
DA:1794,1
DA:1795,1
DA:1796,1
DA:1797,1
DA:1798,1
DA:1799,1
DA:1800,1
DA:1801,1
DA:1802,1
DA:1803,1
DA:1804,1
DA:1805,1
DA:1806,1
DA:1807,1
DA:1808,1
DA:1809,1
DA:1810,1
DA:1811,1
DA:1812,1
DA:1813,1
DA:1814,1
DA:1815,1
DA:1816,1
DA:1817,1
DA:1818,1
DA:1819,1
DA:1820,1
DA:1821,1
DA:1822,1
DA:1823,1
DA:1824,1
DA:1825,1
DA:1826,1
DA:1827,1
DA:1828,1
DA:1829,1
DA:1830,1
DA:1831,1
DA:1832,1
DA:1833,1
DA:1834,1
DA:1835,1
DA:1836,1
DA:1837,1
DA:1838,1
DA:1839,1
DA:1840,1
DA:1841,1
DA:1842,1
DA:1843,1
DA:1844,1
DA:1845,1
DA:1846,1
DA:1847,1
DA:1848,1
DA:1849,1
DA:1850,1
DA:1851,1
DA:1852,1
DA:1853,1
DA:1854,1
DA:1855,1
DA:1856,1
DA:1857,1
DA:1858,1
DA:1859,1
DA:1860,1
DA:1861,1
DA:1862,1
DA:1863,1
DA:1864,1
DA:1865,1
DA:1866,1
DA:1867,1
DA:1868,1
DA:1869,1
DA:1870,1
DA:1871,1
DA:1872,1
DA:1873,1
DA:1874,1
DA:1875,1
DA:1876,1
DA:1877,1
DA:1878,1
DA:1879,1
DA:1880,1
DA:1881,1
DA:1882,1
DA:1883,1
DA:1884,1
DA:1885,1
DA:1886,1
DA:1887,1
DA:1888,1
DA:1889,1
DA:1890,1
DA:1891,1
DA:1892,1
DA:1893,1
DA:1894,1
DA:1895,1
DA:1896,1
DA:1897,1
DA:1898,1
DA:1899,1
DA:1900,1
DA:1901,1
DA:1902,1
DA:1903,1
DA:1904,1
DA:1905,1
DA:1906,1
DA:1907,1
DA:1908,1
DA:1909,1
DA:1910,1
DA:1911,1
DA:1912,1
DA:1913,1
DA:1914,1
DA:1915,1
DA:1916,1
DA:1917,1
DA:1918,1
DA:1919,1
DA:1920,1
DA:1921,1
DA:1922,1
DA:1923,1
DA:1924,1
DA:1925,1
DA:1926,1
DA:1927,1
DA:1928,1
DA:1929,1
DA:1930,1
DA:1931,1
DA:1932,1
DA:1933,1
DA:1934,1
DA:1935,1
DA:1936,1
DA:1937,1
DA:1938,1
DA:1939,1
DA:1940,1
DA:1941,1
DA:1942,1
DA:1943,1
DA:1944,1
DA:1945,1
DA:1946,1
DA:1947,1
DA:1948,1
DA:1949,1
DA:1950,1
DA:1951,1
DA:1952,1
DA:1953,1
DA:1954,1
DA:1955,1
DA:1956,1
DA:1957,1
DA:1958,1
DA:1959,1
DA:1960,1
DA:1961,1
DA:1962,1
DA:1963,1
DA:1964,1
DA:1965,1
DA:1966,1
DA:1967,1
DA:1968,1
DA:1969,1
DA:1970,1
DA:1971,1
DA:1972,1
DA:1973,1
DA:1974,1
DA:1975,1
DA:1976,1
DA:1977,1
DA:1978,1
DA:1979,1
DA:1980,1
DA:1981,1
DA:1982,1
DA:1983,1
DA:1984,1
DA:1985,1
DA:1986,1
DA:1987,1
DA:1988,1
DA:1989,1
DA:1990,1
DA:1991,1
DA:1992,1
DA:1993,1
DA:1994,1
DA:1995,1
DA:1996,1
DA:1997,1
DA:1998,1
DA:1999,1
DA:2000,1
DA:2001,1
DA:2002,1
DA:2003,1
DA:2004,1
DA:2005,1
DA:2006,1
DA:2007,1
DA:2008,1
DA:2009,1
DA:2010,1
DA:2011,1
DA:2012,1
DA:2013,1
DA:2014,1
DA:2015,1
DA:2016,1
DA:2017,1
DA:2018,1
DA:2019,1
DA:2020,1
DA:2021,1
DA:2022,1
DA:2023,1
DA:2024,1
DA:2025,1
DA:2026,1
DA:2027,1
DA:2028,1
DA:2029,1
DA:2030,1
DA:2031,1
DA:2032,1
DA:2033,1
DA:2034,1
DA:2035,1
DA:2036,1
DA:2037,1
DA:2038,1
DA:2039,1
DA:2040,1
DA:2041,1
DA:2042,1
DA:2043,1
DA:2044,1
DA:2045,1
DA:2046,1
DA:2047,1
DA:2048,1
DA:2049,1
DA:2050,1
DA:2051,1
DA:2052,1
DA:2053,1
DA:2054,1
DA:2055,1
DA:2056,1
DA:2057,1
DA:2058,1
DA:2059,1
DA:2060,1
DA:2061,1
DA:2062,1
DA:2063,1
DA:2064,1
DA:2065,1
DA:2066,1
DA:2067,1
DA:2068,1
DA:2069,0
LF:2069
LH:2067
BRDA:2069,0,0,0
BRDA:1,1,0,56
BRDA:1,2,0,28
BRDA:1,3,0,1820
BRDA:1,4,0,28
BRDA:1,5,0,0
BRDA:1,6,0,1820
BRDA:1,7,0,7169
BRDA:1,8,0,28
BRDA:1,9,0,1
BRDA:1,10,0,1
BRDA:1,11,0,1
BRDA:1,12,0,227
BRDA:1,13,0,1
BRDA:1,14,0,2
BRDA:1,15,0,1
BRDA:1,16,0,3
BRDA:1,17,0,1
BRDA:1,18,0,1
BRDA:1,19,0,50
BRDA:1,20,0,2
BRDA:1,21,0,1
BRDA:1,22,0,1
BRDA:1,23,0,1
BRDA:1,24,0,246
BRDA:1,25,0,1
BRDA:1,26,0,1
BRDA:1,27,0,1
BRDA:1,28,0,84
BRDA:1,29,0,172
BRDA:1,30,0,1
BRDA:1,31,0,1
BRDA:1,32,0,1
BRDA:1,33,0,1242
BRDA:1,34,0,252
BRDA:1,35,0,29
BRDA:1,36,0,1
BRDA:1,37,0,8
BRDA:1,38,0,1
BRDA:1,39,0,1
BRDA:1,40,0,3037
BRDA:1,41,0,2
BRDA:1,42,0,1
BRDA:1,43,0,1249
BRDA:1,44,0,19
BRDA:1,45,0,525
BRDA:59,46,0,28
BRDA:66,47,0,28
BRDA:74,48,0,28
BRDA:96,49,0,28
BRDA:103,50,0,28
BRDA:109,51,0,28
BRDA:116,52,0,28
BRDA:129,53,0,28
BRDA:135,54,0,28
BRDA:148,55,0,28
BRDA:158,56,0,28
BRDA:193,57,0,28
BRDA:203,58,0,28
BRDA:209,59,0,28
BRDA:465,60,0,28
BRDA:765,61,0,28
BRF:62
BRH:60
end_of_record
TN:
SF:src/ast/dispatcher.ts
FN:1,__name
FN:1,__export
FN:1,__copyProps
FN:1,get
FN:1,__toESM
FN:1,__toCommonJS
FN:1,AstDispatcher
FN:14,AstDispatcher
FN:1,<static_initializer>
FN:30,registerExpression
FN:40,registerStatement
FN:50,registerDeclaration
FN:60,setExpressionFallback
FN:70,setStatementFallback
FN:80,setDeclarationFallback
FN:90,setFallback
FN:100,dispatch
FN:120,dispatchExpression
FN:132,dispatchStatement
FN:144,dispatchDeclaration
FNF:20
FNH:17
FNDA:11,__name
FNDA:11,__export
FNDA:22,__copyProps
FNDA:238,get
FNDA:11,__toESM
FNDA:11,__toCommonJS
FNDA:238,AstDispatcher
FNDA:238,AstDispatcher
FNDA:11,<static_initializer>
FNDA:7348,registerExpression
FNDA:4741,registerStatement
FNDA:712,registerDeclaration
FNDA:0,setExpressionFallback
FNDA:0,setStatementFallback
FNDA:0,setDeclarationFallback
FNDA:237,setFallback
FNDA:380,dispatch
FNDA:117,dispatchExpression
FNDA:188,dispatchStatement
FNDA:75,dispatchDeclaration
DA:1,11
DA:2,11
DA:3,11
DA:4,11
DA:5,11
DA:6,11
DA:7,11
DA:8,11
DA:9,11
DA:10,11
DA:11,11
DA:12,11
DA:13,11
DA:14,11
DA:15,238
DA:16,238
DA:17,238
DA:18,1
DA:19,1
DA:20,1
DA:21,1
DA:22,1
DA:23,1
DA:24,1
DA:25,1
DA:26,1
DA:27,1
DA:28,1
DA:29,1
DA:30,1
DA:31,7348
DA:32,7348
DA:33,1
DA:34,1
DA:35,1
DA:36,1
DA:37,1
DA:38,1
DA:39,1
DA:40,1
DA:41,4741
DA:42,4741
DA:43,1
DA:44,1
DA:45,1
DA:46,1
DA:47,1
DA:48,1
DA:49,1
DA:50,1
DA:51,712
DA:52,712
DA:53,1
DA:54,1
DA:55,1
DA:56,1
DA:57,1
DA:58,1
DA:59,1
DA:60,1
DA:61,0
DA:62,0
DA:63,1
DA:64,1
DA:65,1
DA:66,1
DA:67,1
DA:68,1
DA:69,1
DA:70,1
DA:71,0
DA:72,0
DA:73,1
DA:74,1
DA:75,1
DA:76,1
DA:77,1
DA:78,1
DA:79,1
DA:80,1
DA:81,0
DA:82,0
DA:83,1
DA:84,1
DA:85,1
DA:86,1
DA:87,1
DA:88,1
DA:89,1
DA:90,1
DA:91,237
DA:92,237
DA:93,1
DA:94,1
DA:95,1
DA:96,1
DA:97,1
DA:98,1
DA:99,1
DA:100,1
DA:101,380
DA:102,75
DA:103,75
DA:104,380
DA:105,188
DA:106,188
DA:107,300
DA:108,117
DA:109,117
DA:110,380
DA:111,0
DA:112,380
DA:113,1
DA:114,1
DA:115,1
DA:116,1
DA:117,1
DA:118,1
DA:119,1
DA:120,1
DA:121,117
DA:122,117
DA:123,117
DA:124,117
DA:125,1
DA:126,1
DA:127,1
DA:128,1
DA:129,1
DA:130,1
DA:131,1
DA:132,1
DA:133,188
DA:134,188
DA:135,188
DA:136,188
DA:137,1
DA:138,1
DA:139,1
DA:140,1
DA:141,1
DA:142,1
DA:143,1
DA:144,1
DA:145,75
DA:146,75
DA:147,75
DA:148,75
DA:149,0
LF:149
LH:141
BRDA:149,0,0,0
BRDA:1,1,0,11
BRDA:1,2,0,11
BRDA:1,3,0,22
BRDA:1,4,0,0
BRDA:1,5,0,24695
BRDA:1,6,0,238
BRDA:1,7,0,11
BRDA:1,8,0,0
BRDA:1,9,0,0
BRDA:1,10,0,11
BRDA:1,11,0,238
BRDA:14,12,0,238
BRDA:1,13,0,11
BRDA:30,14,0,7348
BRDA:40,15,0,4741
BRDA:50,16,0,712
BRDA:90,17,0,237
BRDA:100,18,0,380
BRDA:101,19,0,305
BRDA:101,20,0,75
BRDA:104,21,0,305
BRDA:104,22,0,300
BRDA:104,23,0,188
BRDA:107,24,0,117
BRDA:110,25,0,0
BRDA:120,26,0,117
BRDA:121,27,0,0
BRDA:123,28,0,0
BRDA:132,29,0,188
BRDA:133,30,0,0
BRDA:135,31,0,0
BRDA:144,32,0,75
BRDA:145,33,0,0
BRDA:147,34,0,0
BRF:35
BRH:24
end_of_record
TN:
SF:src/ast/parser.ts
FN:1,__name
FN:1,__export
FN:1,__copyProps
FN:1,get
FN:1,__toESM
FN:1,__toCommonJS
FN:1,parseSource
FNF:7
FNH:7
FNDA:26,__name
FNDA:13,__export
FNDA:26,__copyProps
FNDA:171,get
FNDA:13,__toESM
FNDA:13,__toCommonJS
FNDA:171,parseSource
DA:1,1
DA:2,1
DA:3,1
DA:4,1
DA:5,1
DA:6,1
DA:7,1
DA:8,1
DA:9,1
DA:10,1
DA:11,1
DA:12,1
DA:13,1
DA:14,1
DA:15,1
DA:16,1
DA:17,171
DA:18,171
DA:19,171
DA:20,171
DA:21,171
DA:22,55
DA:23,171
DA:24,1
DA:25,1
DA:26,1
DA:27,1
DA:28,1
DA:29,1
DA:30,1
DA:31,1
DA:32,171
DA:33,171
DA:34,171
DA:35,171
DA:36,171
DA:37,171
DA:38,171
DA:39,171
DA:40,171
LF:40
LH:40
BRDA:31,0,0,0
BRDA:1,1,0,26
BRDA:1,2,0,13
BRDA:1,3,0,26
BRDA:1,4,0,0
BRDA:1,5,0,29185
BRDA:1,6,0,171
BRDA:1,7,0,13
BRDA:1,8,0,0
BRDA:1,9,0,0
BRDA:1,10,0,13
BRDA:1,11,0,171
BRDA:16,12,0,171
BRDA:18,13,0,0
BRDA:19,14,0,0
BRDA:20,15,0,3
BRDA:20,16,0,168
BRDA:21,17,0,55
BRDA:21,18,0,6
BRDA:21,19,0,3
BRDA:21,20,0,2
BRDA:21,21,0,1
BRDA:21,22,0,55
BRDA:21,23,0,2
BRDA:22,24,0,1
BRDA:31,25,0,171
BRF:26
BRH:20
end_of_record
TN:
SF:src/ast/source-location.ts
FN:1,__name
FN:1,__export
FN:1,__copyProps
FN:1,get
FN:1,__toCommonJS
FN:1,createLineColCache
FN:1,getByteOffset
FN:1,getDiagnosticLocation
FN:1,getLineCol
FN:1,getLineColCached
FN:1,getNodeLocation
FN:1,getNodeRange
FN:1,getPositionLocation
FNF:13
FNH:9
FNDA:121,__name
FNDA:11,__export
FNDA:11,__copyProps
FNDA:782,get
FNDA:11,__toCommonJS
FNDA:248,createLineColCache
FNDA:518,getByteOffset
FNDA:0,getDiagnosticLocation
FNDA:0,getLineCol
FNDA:6,getLineColCached
FNDA:0,getNodeLocation
FNDA:0,getNodeRange
FNDA:10,getPositionLocation
DA:1,10
DA:2,1
DA:3,1
DA:4,1
DA:5,1
DA:6,1
DA:7,1
DA:8,1
DA:9,1
DA:10,1
DA:11,1
DA:12,1
DA:13,1
DA:14,1
DA:15,1
DA:16,1
DA:17,1
DA:18,1
DA:19,1
DA:20,1
DA:21,1
DA:22,1
DA:23,1
DA:24,1
DA:25,1
DA:26,1
DA:27,1
DA:28,1
DA:29,1
DA:30,1
DA:31,1
DA:32,8
DA:33,8
DA:34,8
DA:35,1
DA:36,1
DA:37,16
DA:38,16
DA:39,16
DA:40,16
DA:41,68
DA:42,68
DA:43,14
DA:44,14
DA:45,68
DA:46,28
DA:47,28
DA:48,68
DA:49,16
DA:50,16
DA:51,1
DA:52,1
DA:53,1
DA:54,1
DA:55,1
DA:56,1
DA:57,1
DA:58,1
DA:59,248
DA:60,248
DA:61,248
DA:62,248
DA:63,248
DA:64,248
DA:65,1
DA:66,1
DA:67,1
DA:68,1
DA:69,1
DA:70,1
DA:71,1
DA:72,1
DA:73,3
DA:74,3
DA:75,1
DA:76,1
DA:77,1
DA:78,1
DA:79,3
DA:80,3
DA:81,1
DA:82,1
DA:83,1
DA:84,1
DA:85,1
DA:86,1
DA:87,1
DA:88,1
DA:89,528
DA:90,1
DA:91,1
DA:92,1
DA:93,1
DA:94,1
DA:95,1
DA:96,1
DA:97,1
DA:98,8
DA:99,8
DA:100,5
DA:101,5
DA:102,2
DA:103,5
DA:104,3
DA:105,3
DA:106,3
DA:107,8
DA:108,3
DA:109,3
DA:110,0
DA:111,3
DA:112,3
DA:113,3
DA:114,3
DA:115,3
DA:116,8
DA:117,8
DA:118,8
DA:119,8
DA:120,1
DA:121,1
DA:122,1
DA:123,1
DA:124,1
DA:125,1
DA:126,1
DA:127,1
DA:128,10
DA:129,10
DA:130,10
DA:131,10
DA:132,10
DA:133,10
DA:134,10
DA:135,10
DA:136,1
DA:137,1
DA:138,1
DA:139,1
DA:140,1
DA:141,1
DA:142,1
DA:143,1
DA:144,0
DA:145,0
DA:146,0
DA:147,0
DA:148,0
DA:149,0
DA:150,0
DA:151,0
DA:152,1
DA:153,1
DA:154,1
DA:155,1
DA:156,1
DA:157,1
DA:158,1
DA:159,1
DA:160,0
DA:161,0
DA:162,0
DA:163,0
DA:164,1
DA:165,1
DA:166,1
DA:167,1
DA:168,1
DA:169,1
DA:170,1
DA:171,1
DA:172,0
DA:173,0
DA:174,0
DA:175,0
DA:176,0
DA:177,0
LF:177
LH:158
BRDA:171,0,0,0
BRDA:1,1,0,121
BRDA:1,2,0,11
BRDA:1,3,0,88
BRDA:1,4,0,11
BRDA:1,5,0,0
BRDA:1,6,0,88
BRDA:1,7,0,782
BRDA:1,8,0,11
BRDA:1,9,0,248
BRDA:1,10,0,518
BRDA:1,11,0,6
BRDA:1,12,0,10
BRDA:29,13,0,54
BRDA:29,14,0,35
BRDA:31,15,0,8
BRDA:36,16,0,16
BRDA:40,17,0,68
BRDA:42,18,0,14
BRDA:45,19,0,54
BRDA:45,20,0,28
BRDA:58,21,0,248
BRDA:72,22,0,3
BRDA:74,23,0,1
BRDA:77,24,0,0
BRDA:88,25,0,528
BRDA:97,26,0,8
BRDA:99,27,0,5
BRDA:101,28,0,2
BRDA:103,29,0,3
BRDA:107,30,0,3
BRDA:109,31,0,0
BRDA:127,32,0,10
BRDA:133,33,0,2
BRDA:134,34,0,8
BRF:35
BRH:31
end_of_record
TN:
SF:src/ast/utils.ts
FN:1,__name
FN:1,__export
FN:1,__copyProps
FN:1,get
FN:1,__toESM
FN:1,__toCommonJS
FN:1,isAssignmentExpression
FN:1,isBooleanLiteral
FN:1,isCallLikeExpression
FN:1,isControlFlowStatement
FN:1,isDeclarationStatement
FN:1,isLiteralExpression
FN:1,isLoopStatement
FN:1,isMemberAccessExpression
FN:1,isUnaryExpression
FNF:15
FNH:7
FNDA:99,__name
FNDA:11,__export
FNDA:22,__copyProps
FNDA:380,get
FNDA:11,__toESM
FNDA:11,__toCommonJS
FNDA:0,isAssignmentExpression
FNDA:0,isBooleanLiteral
FNDA:0,isCallLikeExpression
FNDA:0,isControlFlowStatement
FNDA:380,isDeclarationStatement
FNDA:0,isLiteralExpression
FNDA:0,isLoopStatement
FNDA:0,isMemberAccessExpression
FNDA:0,isUnaryExpression
DA:1,1
DA:2,1
DA:3,1
DA:4,1
DA:5,1
DA:6,1
DA:7,1
DA:8,1
DA:9,1
DA:10,0
DA:11,0
DA:12,0
DA:13,0
DA:14,0
DA:15,1
DA:16,1
DA:17,1
DA:18,1
DA:19,1
DA:20,1
DA:21,1
DA:22,1
DA:23,0
DA:24,1
DA:25,1
DA:26,1
DA:27,1
DA:28,1
DA:29,1
DA:30,1
DA:31,1
DA:32,0
DA:33,0
DA:34,0
DA:35,0
DA:36,1
DA:37,1
DA:38,1
DA:39,1
DA:40,1
DA:41,1
DA:42,1
DA:43,1
DA:44,0
DA:45,1
DA:46,1
DA:47,1
DA:48,1
DA:49,1
DA:50,1
DA:51,1
DA:52,1
DA:53,0
DA:54,1
DA:55,1
DA:56,1
DA:57,1
DA:58,1
DA:59,1
DA:60,1
DA:61,1
DA:62,1
DA:63,0
DA:64,0
DA:65,1
DA:66,1
DA:67,1
DA:68,1
DA:69,1
DA:70,1
DA:71,1
DA:72,1
DA:73,0
DA:74,0
DA:75,0
DA:76,0
DA:77,0
DA:78,1
DA:79,1
DA:80,1
DA:81,1
DA:82,1
DA:83,1
DA:84,1
DA:85,1
DA:86,0
DA:87,0
DA:88,0
DA:89,0
DA:90,0
DA:91,0
DA:92,0
DA:93,0
DA:94,0
DA:95,1
DA:96,1
DA:97,1
DA:98,1
DA:99,1
DA:100,1
DA:101,1
DA:102,1
DA:103,380
DA:104,366
DA:105,315
DA:106,305
DA:107,305
DA:108,305
DA:109,305
DA:110,305
DA:111,305
LF:111
LH:83
BRDA:102,0,0,0
BRDA:1,1,0,99
BRDA:1,2,0,11
BRDA:1,3,0,99
BRDA:1,4,0,22
BRDA:1,5,0,0
BRDA:1,6,0,24783
BRDA:1,7,0,380
BRDA:1,8,0,11
BRDA:1,9,0,0
BRDA:1,10,0,0
BRDA:1,11,0,11
BRDA:1,12,0,380
BRDA:102,13,0,380
BRDA:103,14,0,377
BRDA:103,15,0,366
BRDA:104,16,0,324
BRDA:104,17,0,315
BRDA:105,18,0,305
BRF:19
BRH:15
end_of_record
TN:
SF:src/ast/visitor.ts
FN:1,__name
FN:1,__export
FN:1,__copyProps
FN:1,get
FN:1,__toESM
FN:1,__toCommonJS
FN:1,createVisitorContext
FN:1,isDeclarationNode
FN:1,isExpressionNode
FN:1,isNamedDeclarationNode
FN:1,isStatementNode
FN:1,traverseSourceFile
FN:1,visitNode
FNF:13
FNH:8
FNDA:90,__name
FNDA:11,__export
FNDA:22,__copyProps
FNDA:306,get
FNDA:11,__toESM
FNDA:11,__toCommonJS
FNDA:0,createVisitorContext
FNDA:305,isDeclarationNode
FNDA:0,isExpressionNode
FNDA:0,isNamedDeclarationNode
FNDA:0,isStatementNode
FNDA:1,traverseSourceFile
FNDA:0,visitNode
DA:1,1
DA:2,1
DA:3,1
DA:4,1
DA:5,1
DA:6,1
DA:7,1
DA:8,1
DA:9,1
DA:10,1
DA:11,1
DA:12,1
DA:13,1
DA:14,1
DA:15,1
DA:16,1
DA:17,1
DA:18,1
DA:19,1
DA:20,1
DA:21,1
DA:22,1
DA:23,14
DA:24,14
DA:25,1
DA:26,1
DA:27,1
DA:28,1
DA:29,1
DA:30,1
DA:31,1
DA:32,1
DA:33,1
DA:34,1
DA:35,1
DA:36,1
DA:37,1
DA:38,1
DA:39,1
DA:40,1
DA:41,1
DA:42,1
DA:43,1
DA:44,1
DA:45,1
DA:46,1
DA:47,1
DA:48,1
DA:49,1
DA:50,1
DA:51,7
DA:52,7
DA:53,7
DA:54,7
DA:55,7
DA:56,7
DA:57,7
DA:58,7
DA:59,7
DA:60,7
DA:61,1
DA:62,1
DA:63,1
DA:64,1
DA:65,1
DA:66,1
DA:67,1
DA:68,1
DA:69,1
DA:70,1
DA:71,1
DA:72,1
DA:73,1
DA:74,1
DA:75,1
DA:76,1
DA:77,1
DA:78,1
DA:79,1
DA:80,1
DA:81,1
DA:82,1
DA:83,1
DA:84,1
DA:85,1
DA:86,1
DA:87,1
DA:88,1
DA:89,1
DA:90,1
DA:91,1
DA:92,1
DA:93,1
DA:94,1
DA:95,1
DA:96,305
DA:97,305
DA:98,305
DA:99,305
DA:100,305
DA:101,305
DA:102,305
DA:103,305
DA:104,305
DA:105,305
DA:106,305
DA:107,305
DA:108,305
DA:109,305
DA:110,305
DA:111,305
DA:112,305
DA:113,305
DA:114,305
DA:115,305
DA:116,305
DA:117,305
DA:118,305
DA:119,305
DA:120,305
DA:121,305
DA:122,305
DA:123,305
DA:124,1
DA:125,1
DA:126,1
DA:127,1
DA:128,1
DA:129,1
DA:130,1
DA:131,1
DA:132,0
DA:133,0
DA:134,0
LF:134
LH:131
BRDA:131,0,0,0
BRDA:1,1,0,90
BRDA:1,2,0,11
BRDA:1,3,0,77
BRDA:1,4,0,22
BRDA:1,5,0,0
BRDA:1,6,0,24761
BRDA:1,7,0,306
BRDA:1,8,0,11
BRDA:1,9,0,0
BRDA:1,10,0,0
BRDA:1,11,0,11
BRDA:1,12,0,305
BRDA:1,13,0,1
BRDA:22,14,0,14
BRDA:32,15,0,1
BRDA:38,16,0,1
BRDA:50,17,0,7
BRDA:57,18,0,0
BRDA:55,19,0,6
BRDA:68,20,0,1
BRDA:95,21,0,305
BRF:22
BRH:17
end_of_record
TN:
SF:src/atom/atom-ops.ts
FN:1,__name
FN:1,__export
FN:1,__copyProps
FN:1,get
FN:1,__toCommonJS
FN:1,dupAtom
FN:1,freeAtom
FN:1,getAtomName
FN:1,getOrAddAtom
FNF:9
FNH:9
FNDA:4,__name
FNDA:1,__export
FNDA:1,__copyProps
FNDA:6,get
FNDA:1,__toCommonJS
FNDA:1,dupAtom
FNDA:1,freeAtom
FNDA:1,getAtomName
FNDA:3,getOrAddAtom
DA:1,3
DA:2,1
DA:3,1
DA:4,1
DA:5,1
DA:6,1
DA:7,1
DA:8,1
DA:9,1
DA:10,1
DA:11,1
DA:12,1
DA:13,1
DA:14,1
DA:15,1
DA:16,1
DA:17,1
DA:18,1
DA:19,1
DA:20,1
DA:21,1
DA:22,1
DA:23,1
DA:24,1
DA:25,1
DA:26,1
DA:27,1
LF:27
LH:27
BRDA:27,0,0,0
BRDA:1,1,0,4
BRDA:1,2,0,1
BRDA:1,3,0,4
BRDA:1,4,0,1
BRDA:1,5,0,0
BRDA:1,6,0,4
BRDA:1,7,0,6
BRDA:1,8,0,1
BRDA:1,9,0,1
BRDA:1,10,0,1
BRDA:1,11,0,1
BRDA:1,12,0,3
BRDA:9,13,0,3
BRDA:15,14,0,1
BRDA:21,15,0,1
BRDA:27,16,0,1
BRF:17
BRH:15
end_of_record
TN:
SF:src/atom/atom-serializer.ts
FN:1,__name
FN:1,__export
FN:1,__copyProps
FN:1,get
FN:1,__toCommonJS
FN:1,hydrateAtoms
FN:1,serializeAtoms
FNF:7
FNH:7
FNDA:2,__name
FNDA:1,__export
FNDA:1,__copyProps
FNDA:2,get
FNDA:1,__toCommonJS
FNDA:1,hydrateAtoms
FNDA:1,serializeAtoms
DA:1,1
DA:2,1
DA:3,1
DA:4,1
DA:5,1
DA:6,1
DA:7,1
DA:8,1
DA:9,1
DA:10,1
DA:11,1
DA:12,1
DA:13,1
DA:14,1
DA:15,1
DA:16,1
DA:17,1
DA:18,1
DA:19,1
DA:20,1
DA:21,1
DA:22,1
DA:23,1
DA:24,1
DA:25,1
DA:26,1
DA:27,1
DA:28,1
DA:29,1
DA:30,1
DA:31,1
DA:32,1
DA:33,1
DA:34,1
DA:35,1
DA:36,1
DA:37,1
DA:38,1
LF:38
LH:38
BRDA:29,0,0,0
BRDA:1,1,0,2
BRDA:1,2,0,1
BRDA:1,3,0,2
BRDA:1,4,0,1
BRDA:1,5,0,0
BRDA:1,6,0,2
BRDA:1,7,0,2
BRDA:1,8,0,1
BRDA:1,9,0,1
BRDA:1,10,0,1
BRDA:14,11,0,1
BRDA:15,12,0,1
BRDA:29,13,0,1
BRDA:31,14,0,0
BRF:15
BRH:12
end_of_record
TN:
SF:src/atom/atom-table.ts
FN:1,__export
FN:1,__copyProps
FN:1,get
FN:1,__toCommonJS
FN:1,AtomTable
FNF:5
FNH:5
FNDA:7,__export
FNDA:7,__copyProps
FNDA:14,get
FNDA:7,__toCommonJS
FNDA:14,AtomTable
DA:1,1
DA:2,1
DA:3,1
DA:4,1
DA:5,1
DA:6,1
DA:7,1
DA:8,1
DA:9,1
LF:9
LH:9
BRDA:1,0,0,0
BRDA:1,1,0,7
BRDA:1,2,0,7
BRDA:1,3,0,0
BRDA:1,4,0,14
BRDA:1,5,0,7
BRDA:1,6,0,14
BRF:7
BRH:5
end_of_record
TN:
SF:src/atom/atom-variable.ts
FN:1,__name
FN:1,__export
FN:1,__copyProps
FN:1,get
FN:1,__toCommonJS
FN:1,defineScopeVarFromName
FNF:6
FNH:6
FNDA:1,__name
FNDA:1,__export
FNDA:1,__copyProps
FNDA:1,get
FNDA:1,__toCommonJS
FNDA:1,defineScopeVarFromName
DA:1,1
DA:2,1
DA:3,1
DA:4,1
DA:5,1
DA:6,1
DA:7,1
DA:8,1
DA:9,1
DA:10,1
DA:11,1
DA:12,1
DA:13,1
DA:14,1
DA:15,1
DA:16,1
DA:17,1
DA:18,1
DA:19,1
DA:20,1
DA:21,1
LF:21
LH:21
BRDA:12,0,0,0
BRDA:1,1,0,1
BRDA:1,2,0,1
BRDA:1,3,0,1
BRDA:1,4,0,0
BRDA:1,5,0,1
BRDA:1,6,0,1
BRDA:1,7,0,1
BRDA:12,8,0,1
BRF:9
BRH:7
end_of_record
TN:
SF:src/atom/predefined-atoms.ts
FN:1,__name
FN:1,__export
FN:1,__copyProps
FN:1,get
FN:1,__toCommonJS
FN:1,getPredefinedAtoms
FNF:6
FNH:6
FNDA:2,__name
FNDA:1,__export
FNDA:1,__copyProps
FNDA:1,get
FNDA:1,__toCommonJS
FNDA:1,getPredefinedAtoms
DA:1,1
DA:2,1
DA:3,1
DA:4,1
DA:5,1
DA:6,1
DA:7,1
DA:8,1
DA:9,1
DA:10,227
DA:11,227
DA:12,227
DA:13,227
DA:14,227
DA:15,1
DA:16,1
DA:17,1
DA:18,1
DA:19,1
DA:20,1
DA:21,1
DA:22,1
DA:23,1
DA:24,1
DA:25,454
DA:26,454
DA:27,454
DA:28,227
DA:29,1
DA:30,1
LF:30
LH:30
BRDA:22,0,0,0
BRDA:1,1,0,2
BRDA:1,2,0,1
BRDA:1,3,0,1
BRDA:1,4,0,0
BRDA:1,5,0,1
BRDA:1,6,0,1
BRDA:1,7,0,1
BRDA:9,8,0,227
BRDA:10,9,0,0
BRDA:12,10,0,1
BRDA:13,11,0,226
BRDA:22,12,0,1
BRDA:24,13,0,454
BRDA:25,14,0,227
BRDA:26,15,0,0
BRDA:27,16,0,227
BRF:17
BRH:13
end_of_record
TN:
SF:src/compiler/create-function.ts
FN:1,__name
FN:1,__export
FN:1,__copyProps
FN:1,get
FN:1,__toCommonJS
FN:1,createFunction
FNF:6
FNH:6
FNDA:1,__name
FNDA:1,__export
FNDA:1,__copyProps
FNDA:1,get
FNDA:1,__toCommonJS
FNDA:1,createFunction
DA:1,1
DA:2,1
DA:3,1
DA:4,1
DA:5,1
DA:6,1
DA:7,1
DA:8,1
DA:9,1
DA:10,1
DA:11,1
DA:12,1
DA:13,1
DA:14,1
DA:15,1
DA:16,1
DA:17,1
DA:18,1
DA:19,1
DA:20,1
DA:21,1
DA:22,1
DA:23,1
DA:24,1
DA:25,1
DA:26,1
DA:27,1
DA:28,1
DA:29,1
DA:30,1
DA:31,1
DA:32,1
DA:33,1
DA:34,1
DA:35,1
DA:36,1
DA:37,1
DA:38,1
DA:39,1
DA:40,1
DA:41,1
DA:42,1
DA:43,1
DA:44,1
DA:45,1
DA:46,0
DA:47,1
DA:48,1
DA:49,1
DA:50,1
DA:51,1
DA:52,1
DA:53,1
DA:54,1
DA:55,1
DA:56,1
DA:57,1
DA:58,1
DA:59,1
DA:60,0
DA:61,0
DA:62,0
DA:63,0
DA:64,0
DA:65,0
DA:66,0
DA:67,1
DA:68,1
DA:69,1
DA:70,1
DA:71,1
DA:72,1
DA:73,1
DA:74,0
DA:75,1
DA:76,1
DA:77,1
DA:78,1
DA:79,1
DA:80,0
DA:81,1
DA:82,1
DA:83,1
DA:84,1
DA:85,1
DA:86,1
LF:86
LH:76
BRDA:26,0,0,0
BRDA:1,1,0,1
BRDA:1,2,0,1
BRDA:1,3,0,1
BRDA:1,4,0,0
BRDA:1,5,0,1
BRDA:1,6,0,1
BRDA:1,7,0,1
BRDA:26,8,0,1
BRDA:45,9,0,0
BRDA:73,10,0,0
BRDA:79,11,0,0
BRF:12
BRH:7
end_of_record
TN:
SF:src/config/env.ts
FN:1,__export
FN:1,__copyProps
FN:1,get
FN:1,__toCommonJS
FN:1,Config
FNF:5
FNH:5
FNDA:1,__export
FNDA:1,__copyProps
FNDA:1,get
FNDA:1,__toCommonJS
FNDA:1,Config
DA:1,1
DA:2,1
DA:3,1
DA:4,1
DA:5,1
DA:6,1
DA:7,1
DA:8,1
DA:9,1
DA:10,1
DA:11,1
DA:12,1
DA:13,1
DA:14,1
DA:15,1
DA:16,1
DA:17,1
DA:18,1
DA:19,1
DA:20,1
DA:21,0
LF:21
LH:20
BRDA:21,0,0,0
BRDA:1,1,0,1
BRDA:1,2,0,1
BRDA:1,3,0,0
BRDA:1,4,0,1
BRDA:1,5,0,1
BRDA:1,6,0,1
BRF:7
BRH:5
end_of_record
TN:
SF:src/control-flow/block-env.ts
FN:1,__name
FN:1,__export
FN:1,__copyProps
FN:1,get
FN:1,__toCommonJS
FN:1,createBlockEnv
FNF:6
FNH:6
FNDA:2,__name
FNDA:2,__export
FNDA:2,__copyProps
FNDA:5,get
FNDA:2,__toCommonJS
FNDA:5,createBlockEnv
DA:1,1
DA:2,1
DA:3,1
DA:4,1
DA:5,1
DA:6,1
DA:7,1
DA:8,1
DA:9,1
DA:10,1
DA:11,1
DA:12,5
DA:13,5
DA:14,5
DA:15,5
DA:16,5
DA:17,5
DA:18,5
DA:19,5
DA:20,5
DA:21,5
LF:21
LH:21
BRDA:11,0,0,0
BRDA:1,1,0,2
BRDA:1,2,0,2
BRDA:1,3,0,2
BRDA:1,4,0,0
BRDA:1,5,0,5
BRDA:1,6,0,2
BRDA:1,7,0,5
BRDA:11,8,0,5
BRDA:13,9,0,1
BRDA:14,10,0,4
BRDA:15,11,0,4
BRDA:16,12,0,4
BRDA:17,13,0,4
BRDA:18,14,0,4
BRDA:19,15,0,4
BRDA:20,16,0,4
BRF:17
BRH:15
end_of_record
TN:
SF:src/control-flow/block-manager.ts
FN:1,__name
FN:1,__export
FN:1,__copyProps
FN:1,get
FN:1,__toCommonJS
FN:1,BlockManager
FN:10,BlockManager
FN:1,<static_initializer>
FN:19,push
FN:31,pop
FN:45,peek
FN:52,iterate
FNF:12
FNH:12
FNDA:2,__name
FNDA:2,__export
FNDA:2,__copyProps
FNDA:2,get
FNDA:2,__toCommonJS
FNDA:2,BlockManager
FNDA:2,BlockManager
FNDA:2,<static_initializer>
FNDA:4,push
FNDA:2,pop
FNDA:3,peek
FNDA:1,iterate
DA:1,2
DA:2,2
DA:3,2
DA:4,2
DA:5,2
DA:6,2
DA:7,2
DA:8,2
DA:9,2
DA:10,2
DA:11,2
DA:12,1
DA:13,1
DA:14,1
DA:15,1
DA:16,1
DA:17,1
DA:18,1
DA:19,1
DA:20,4
DA:21,4
DA:22,4
DA:23,4
DA:24,1
DA:25,1
DA:26,1
DA:27,1
DA:28,1
DA:29,1
DA:30,1
DA:31,1
DA:32,2
DA:33,2
DA:34,2
DA:35,2
DA:36,2
DA:37,2
DA:38,1
DA:39,1
DA:40,1
DA:41,1
DA:42,1
DA:43,1
DA:44,1
DA:45,1
DA:46,3
DA:47,3
DA:48,1
DA:49,1
DA:50,1
DA:51,1
DA:52,1
DA:53,1
DA:54,1
DA:55,2
DA:56,2
DA:57,2
DA:58,1
DA:59,0
LF:59
LH:58
BRDA:59,0,0,0
BRDA:1,1,0,2
BRDA:1,2,0,2
BRDA:1,3,0,2
BRDA:1,4,0,0
BRDA:1,5,0,2
BRDA:1,6,0,2
BRDA:1,7,0,2
BRDA:10,8,0,2
BRDA:1,9,0,2
BRDA:19,10,0,4
BRDA:31,11,0,2
BRDA:33,12,0,0
BRDA:45,13,0,3
BRDA:52,14,0,1
BRDA:54,15,0,2
BRF:16
BRH:13
end_of_record
TN:
SF:src/control-flow/with-scope.ts
FN:1,__name
FN:1,__export
FN:1,__copyProps
FN:1,get
FN:1,__toCommonJS
FN:1,createWithScopeVar
FNF:6
FNH:6
FNDA:1,__name
FNDA:1,__export
FNDA:1,__copyProps
FNDA:1,get
FNDA:1,__toCommonJS
FNDA:1,createWithScopeVar
DA:1,1
DA:2,1
DA:3,1
DA:4,1
DA:5,1
DA:6,1
DA:7,1
DA:8,1
DA:9,1
DA:10,1
DA:11,1
DA:12,1
DA:13,1
DA:14,1
DA:15,1
LF:15
LH:15
BRDA:11,0,0,0
BRDA:1,1,0,1
BRDA:1,2,0,1
BRDA:1,3,0,1
BRDA:1,4,0,0
BRDA:1,5,0,1
BRDA:1,6,0,1
BRDA:1,7,0,1
BRDA:11,8,0,1
BRF:9
BRH:7
end_of_record
TN:
SF:src/debug/bytecode-dump.ts
FN:1,__name
FN:1,__export
FN:1,__copyProps
FN:1,get
FN:1,__toCommonJS
FN:1,dumpBytecode
FNF:6
FNH:6
FNDA:1,__name
FNDA:1,__export
FNDA:1,__copyProps
FNDA:1,get
FNDA:1,__toCommonJS
FNDA:1,dumpBytecode
DA:1,1
DA:2,1
DA:3,1
DA:4,1
DA:5,1
DA:6,1
DA:7,1
DA:8,1
DA:9,1
DA:10,1
DA:11,1
DA:12,1
DA:13,1
DA:14,1
DA:15,1
DA:16,1
DA:17,1
DA:18,1
DA:19,1
DA:20,1
LF:20
LH:20
BRDA:13,0,0,0
BRDA:1,1,0,1
BRDA:1,2,0,1
BRDA:1,3,0,1
BRDA:1,4,0,0
BRDA:1,5,0,1
BRDA:1,6,0,1
BRDA:1,7,0,1
BRDA:13,8,0,1
BRDA:14,9,0,0
BRDA:18,10,0,3
BRF:11
BRH:8
end_of_record
TN:
SF:src/debug/pc2column.ts
FN:1,__name
FN:1,__export
FN:1,__copyProps
FN:1,get
FN:1,__toCommonJS
FN:1,PC2ColumnTable
FN:12,PC2ColumnTable
FN:1,<static_initializer>
FN:15,add
FN:19,getColumn
FN:26,snapshot
FNF:11
FNH:10
FNDA:1,__name
FNDA:1,__export
FNDA:1,__copyProps
FNDA:1,get
FNDA:1,__toCommonJS
FNDA:1,PC2ColumnTable
FNDA:1,PC2ColumnTable
FNDA:1,<static_initializer>
FNDA:2,add
FNDA:2,getColumn
FNDA:0,snapshot
DA:1,1
DA:2,1
DA:3,1
DA:4,1
DA:5,1
DA:6,1
DA:7,1
DA:8,1
DA:9,1
DA:10,1
DA:11,1
DA:12,1
DA:13,1
DA:14,1
DA:15,1
DA:16,2
DA:17,2
DA:18,1
DA:19,1
DA:20,2
DA:21,2
DA:22,2
DA:23,2
DA:24,2
DA:25,1
DA:26,1
DA:27,0
DA:28,0
DA:29,0
LF:29
LH:26
BRDA:29,0,0,0
BRDA:1,1,0,1
BRDA:1,2,0,1
BRDA:1,3,0,1
BRDA:1,4,0,0
BRDA:1,5,0,1
BRDA:1,6,0,1
BRDA:1,7,0,1
BRDA:12,8,0,1
BRDA:1,9,0,1
BRDA:15,10,0,2
BRDA:19,11,0,2
BRDA:21,12,0,4
BRDA:22,13,0,1
BRF:14
BRH:12
end_of_record
TN:
SF:src/debug/pc2line.ts
FN:1,__name
FN:1,__export
FN:1,__copyProps
FN:1,get
FN:1,__toCommonJS
FN:1,PC2LineTable
FN:12,PC2LineTable
FN:1,<static_initializer>
FN:15,add
FN:19,getLine
FN:26,snapshot
FNF:11
FNH:10
FNDA:1,__name
FNDA:1,__export
FNDA:1,__copyProps
FNDA:1,get
FNDA:1,__toCommonJS
FNDA:1,PC2LineTable
FNDA:1,PC2LineTable
FNDA:1,<static_initializer>
FNDA:3,add
FNDA:2,getLine
FNDA:0,snapshot
DA:1,1
DA:2,1
DA:3,1
DA:4,1
DA:5,1
DA:6,1
DA:7,1
DA:8,1
DA:9,1
DA:10,1
DA:11,1
DA:12,1
DA:13,1
DA:14,1
DA:15,1
DA:16,3
DA:17,3
DA:18,1
DA:19,1
DA:20,2
DA:21,2
DA:22,2
DA:23,2
DA:24,2
DA:25,1
DA:26,1
DA:27,0
DA:28,0
DA:29,0
LF:29
LH:26
BRDA:29,0,0,0
BRDA:1,1,0,1
BRDA:1,2,0,1
BRDA:1,3,0,1
BRDA:1,4,0,0
BRDA:1,5,0,1
BRDA:1,6,0,1
BRDA:1,7,0,1
BRDA:12,8,0,1
BRDA:1,9,0,1
BRDA:15,10,0,3
BRDA:19,11,0,2
BRDA:21,12,0,6
BRDA:22,13,0,3
BRF:14
BRH:12
end_of_record
TN:
SF:src/debug/source-map.ts
FN:1,__name
FN:1,__export
FN:1,__copyProps
FN:1,get
FN:1,__toCommonJS
FN:1,SourceMapState
FN:1,buildSourceMap
FN:19,SourceMapState
FN:1,<static_initializer>
FN:24,addLineNumberSlot
FN:28,addColumnNumberSlot
FN:32,addSourcePos
FN:36,snapshot
FNF:13
FNH:11
FNDA:2,__name
FNDA:1,__export
FNDA:1,__copyProps
FNDA:2,get
FNDA:1,__toCommonJS
FNDA:1,SourceMapState
FNDA:1,buildSourceMap
FNDA:1,SourceMapState
FNDA:1,<static_initializer>
FNDA:2,addLineNumberSlot
FNDA:1,addColumnNumberSlot
FNDA:0,addSourcePos
FNDA:0,snapshot
DA:1,1
DA:2,1
DA:3,1
DA:4,1
DA:5,1
DA:6,1
DA:7,1
DA:8,1
DA:9,1
DA:10,1
DA:11,1
DA:12,1
DA:13,1
DA:14,1
DA:15,1
DA:16,1
DA:17,1
DA:18,1
DA:19,1
DA:20,1
DA:21,1
DA:22,1
DA:23,1
DA:24,1
DA:25,2
DA:26,2
DA:27,1
DA:28,1
DA:29,1
DA:30,1
DA:31,1
DA:32,1
DA:33,0
DA:34,0
DA:35,1
DA:36,1
DA:37,0
DA:38,0
DA:39,0
DA:40,0
DA:41,0
DA:42,0
DA:43,0
DA:44,0
DA:45,0
DA:46,0
DA:47,1
DA:48,1
DA:49,1
DA:50,1
DA:51,1
DA:52,1
DA:53,1
DA:54,1
DA:55,1
DA:56,1
DA:57,1
DA:58,1
DA:59,1
DA:60,1
DA:61,1
DA:62,1
DA:63,1
DA:64,1
DA:65,2
DA:66,2
DA:67,2
DA:68,1
DA:69,1
LF:69
LH:57
BRDA:54,0,0,0
BRDA:1,1,0,2
BRDA:1,2,0,1
BRDA:1,3,0,2
BRDA:1,4,0,1
BRDA:1,5,0,0
BRDA:1,6,0,2
BRDA:1,7,0,2
BRDA:1,8,0,1
BRDA:1,9,0,1
BRDA:1,10,0,1
BRDA:19,11,0,1
BRDA:1,12,0,1
BRDA:24,13,0,2
BRDA:28,14,0,1
BRDA:54,15,0,1
BRDA:55,16,0,2
BRDA:56,17,0,1
BRDA:58,18,0,2
BRDA:59,19,0,1
BRDA:63,20,0,1
BRDA:64,21,0,2
BRDA:66,22,0,0
BRDA:67,23,0,1
BRF:24
BRH:21
end_of_record
TN:
SF:src/emitter/assignment.ts
FN:1,__name
FN:1,__export
FN:1,__copyProps
FN:1,get
FN:1,__toESM
FN:1,__toCommonJS
FN:1,AssignmentEmitter
FN:15,AssignmentEmitter
FN:1,<static_initializer>
FN:22,emitAssignment
FN:38,emitCompoundAssignmentByOperator
FN:55,emitSimpleAssignment
FN:138,emitCompoundAssignment
FN:186,emitLogicalAssignment
FN:350,getCompoundOpcode
FN:381,getLogicalAssignmentKind
FNF:16
FNH:15
FNDA:10,__name
FNDA:10,__export
FNDA:20,__copyProps
FNDA:237,get
FNDA:10,__toESM
FNDA:10,__toCommonJS
FNDA:237,AssignmentEmitter
FNDA:237,AssignmentEmitter
FNDA:10,<static_initializer>
FNDA:25,emitAssignment
FNDA:4,emitCompoundAssignmentByOperator
FNDA:13,emitSimpleAssignment
FNDA:4,emitCompoundAssignment
FNDA:8,emitLogicalAssignment
FNDA:4,getCompoundOpcode
FNDA:0,getLogicalAssignmentKind
DA:1,10
DA:2,10
DA:3,10
DA:4,10
DA:5,10
DA:6,10
DA:7,10
DA:8,10
DA:9,10
DA:10,10
DA:11,10
DA:12,10
DA:13,10
DA:14,10
DA:15,10
DA:16,237
DA:17,1
DA:18,1
DA:19,1
DA:20,1
DA:21,1
DA:22,1
DA:23,25
DA:24,25
DA:25,25
DA:26,13
DA:27,25
DA:28,2
DA:29,7
DA:30,3
DA:31,3
DA:32,3
DA:33,17
DA:34,4
DA:35,25
DA:36,25
DA:37,1
DA:38,1
DA:39,4
DA:40,4
DA:41,4
DA:42,4
DA:43,4
DA:44,4
DA:45,4
DA:46,0
DA:47,0
DA:48,4
DA:49,4
DA:50,1
DA:51,1
DA:52,1
DA:53,1
DA:54,1
DA:55,1
DA:56,13
DA:57,13
DA:58,13
DA:59,13
DA:60,13
DA:61,13
DA:62,2
DA:63,2
DA:64,2
DA:65,13
DA:66,13
DA:67,5
DA:68,5
DA:69,1
DA:70,1
DA:71,1
DA:72,1
DA:73,1
DA:74,1
DA:75,1
DA:76,1
DA:77,1
DA:78,1
DA:79,1
DA:80,1
DA:81,1
DA:82,1
DA:83,1
DA:84,1
DA:85,5
DA:86,5
DA:87,0
DA:88,0
DA:89,0
DA:90,0
DA:91,0
DA:92,0
DA:93,5
DA:94,4
DA:95,4
DA:96,4
DA:97,4
DA:98,4
DA:99,11
DA:100,11
DA:101,5
DA:102,1
DA:103,1
DA:104,0
DA:105,0
DA:106,1
DA:107,1
DA:108,1
DA:109,1
DA:110,1
DA:111,1
DA:112,1
DA:113,1
DA:114,5
DA:115,4
DA:116,4
DA:117,4
DA:118,4
DA:119,4
DA:120,4
DA:121,11
DA:122,11
DA:123,1
DA:124,1
DA:125,1
DA:126,1
DA:127,1
DA:128,1
DA:129,1
DA:130,3
DA:131,3
DA:132,13
DA:133,1
DA:134,1
DA:135,1
DA:136,1
DA:137,1
DA:138,1
DA:139,4
DA:140,4
DA:141,4
DA:142,4
DA:143,4
DA:144,4
DA:145,4
DA:146,2
DA:147,2
DA:148,2
DA:149,2
DA:150,2
DA:151,2
DA:152,2
DA:153,2
DA:154,2
DA:155,4
DA:156,4
DA:157,1
DA:158,1
DA:159,1
DA:160,1
DA:161,1
DA:162,1
DA:163,1
DA:164,1
DA:165,1
DA:166,1
DA:167,1
DA:168,1
DA:169,1
DA:170,1
DA:171,1
DA:172,1
DA:173,1
DA:174,1
DA:175,1
DA:176,1
DA:177,1
DA:178,3
DA:179,3
DA:180,4
DA:181,1
DA:182,1
DA:183,1
DA:184,1
DA:185,1
DA:186,1
DA:187,8
DA:188,8
DA:189,8
DA:190,8
DA:191,8
DA:192,8
DA:193,8
DA:194,8
DA:195,8
DA:196,0
DA:197,0
DA:198,0
DA:199,0
DA:200,0
DA:201,0
DA:202,0
DA:203,0
DA:204,0
DA:205,0
DA:206,0
DA:207,0
DA:208,0
DA:209,0
DA:210,0
DA:211,0
DA:212,0
DA:213,0
DA:214,0
DA:215,0
DA:216,0
DA:217,0
DA:218,0
DA:219,0
DA:220,0
DA:221,0
DA:222,0
DA:223,0
DA:224,0
DA:225,0
DA:226,0
DA:227,0
DA:228,0
DA:229,0
DA:230,0
DA:231,0
DA:232,0
DA:233,0
DA:234,0
DA:235,0
DA:236,0
DA:237,0
DA:238,0
DA:239,8
DA:240,8
DA:241,4
DA:242,4
DA:243,4
DA:244,4
DA:245,4
DA:246,4
DA:247,4
DA:248,1
DA:249,1
DA:250,1
DA:251,1
DA:252,1
DA:253,1
DA:254,1
DA:255,1
DA:256,1
DA:257,1
DA:258,1
DA:259,1
DA:260,1
DA:261,1
DA:262,4
DA:263,4
DA:264,2
DA:265,2
DA:266,2
DA:267,2
DA:268,2
DA:269,2
DA:270,2
DA:271,2
DA:272,2
DA:273,2
DA:274,2
DA:275,2
DA:276,2
DA:277,2
DA:278,2
DA:279,2
DA:280,1
DA:281,1
DA:282,1
DA:283,1
DA:284,1
DA:285,1
DA:286,1
DA:287,1
DA:288,1
DA:289,1
DA:290,1
DA:291,1
DA:292,1
DA:293,4
DA:294,4
DA:295,4
DA:296,4
DA:297,4
DA:298,4
DA:299,4
DA:300,4
DA:301,1
DA:302,1
DA:303,1
DA:304,1
DA:305,1
DA:306,1
DA:307,1
DA:308,1
DA:309,1
DA:310,1
DA:311,1
DA:312,1
DA:313,1
DA:314,1
DA:315,4
DA:316,4
DA:317,1
DA:318,1
DA:319,1
DA:320,1
DA:321,1
DA:322,1
DA:323,1
DA:324,1
DA:325,1
DA:326,1
DA:327,1
DA:328,1
DA:329,1
DA:330,1
DA:331,2
DA:332,2
DA:333,2
DA:334,2
DA:335,2
DA:336,2
DA:337,2
DA:338,2
DA:339,2
DA:340,2
DA:341,2
DA:342,2
DA:343,2
DA:344,2
DA:345,2
DA:346,8
DA:347,8
DA:348,8
DA:349,1
DA:350,1
DA:351,4
DA:352,4
DA:353,4
DA:354,4
DA:355,0
DA:356,0
DA:357,0
DA:358,0
DA:359,0
DA:360,0
DA:361,0
DA:362,0
DA:363,0
DA:364,0
DA:365,0
DA:366,0
DA:367,0
DA:368,0
DA:369,0
DA:370,0
DA:371,0
DA:372,0
DA:373,0
DA:374,0
DA:375,0
DA:376,0
DA:377,0
DA:378,4
DA:379,4
DA:380,1
DA:381,1
DA:382,0
DA:383,0
DA:384,0
DA:385,0
DA:386,0
DA:387,0
DA:388,0
DA:389,0
DA:390,0
DA:391,0
DA:392,0
DA:393,0
LF:393
LH:305
BRDA:393,0,0,0
BRDA:1,1,0,10
BRDA:1,2,0,10
BRDA:1,3,0,20
BRDA:1,4,0,0
BRDA:1,5,0,22450
BRDA:1,6,0,237
BRDA:1,7,0,10
BRDA:1,8,0,0
BRDA:1,9,0,0
BRDA:1,10,0,10
BRDA:1,11,0,237
BRDA:15,12,0,237
BRDA:1,13,0,10
BRDA:22,14,0,25
BRDA:25,15,0,13
BRDA:27,16,0,17
BRDA:27,17,0,7
BRDA:27,18,0,2
BRDA:29,19,0,3
BRDA:33,20,0,4
BRDA:38,21,0,4
BRDA:45,22,0,0
BRDA:55,23,0,13
BRDA:61,24,0,12
BRDA:61,25,0,2
BRDA:66,26,0,11
BRDA:66,27,0,5
BRDA:68,28,0,1
BRDA:85,29,0,4
BRDA:86,30,0,0
BRDA:93,31,0,4
BRDA:100,32,0,7
BRDA:100,33,0,6
BRDA:100,34,0,5
BRDA:101,35,0,1
BRDA:103,36,0,0
BRDA:114,37,0,4
BRDA:122,38,0,3
BRDA:122,39,0,1
BRDA:131,40,0,0
BRDA:138,41,0,4
BRDA:145,42,0,2
BRDA:156,43,0,3
BRDA:156,44,0,2
BRDA:156,45,0,1
BRDA:179,46,0,0
BRDA:186,47,0,8
BRDA:195,48,0,0
BRDA:240,49,0,4
BRDA:247,50,0,1
BRDA:263,51,0,3
BRDA:263,52,0,2
BRDA:279,53,0,1
BRDA:300,54,0,1
BRDA:316,55,0,3
BRDA:316,56,0,2
BRDA:316,57,0,1
BRDA:347,58,0,0
BRDA:350,59,0,4
BRDA:354,60,0,0
BRF:61
BRH:49
end_of_record
TN:
SF:src/emitter/async.ts
FN:1,__name
FN:1,__export
FN:1,__copyProps
FN:1,get
FN:1,__toCommonJS
FN:1,AsyncEmitter
FN:1,emitAsyncGeneratorReturn
FN:1,<static_initializer>
FN:15,emitAsyncGeneratorYield
FN:38,emitAsyncYieldStar
FNF:10
FNH:10
FNDA:30,__name
FNDA:10,__export
FNDA:10,__copyProps
FNDA:241,get
FNDA:10,__toCommonJS
FNDA:237,AsyncEmitter
FNDA:4,emitAsyncGeneratorReturn
FNDA:10,<static_initializer>
FNDA:6,emitAsyncGeneratorYield
FNDA:2,emitAsyncYieldStar
DA:1,10
DA:2,10
DA:3,10
DA:4,10
DA:5,10
DA:6,10
DA:7,10
DA:8,10
DA:9,10
DA:10,10
DA:11,10
DA:12,10
DA:13,10
DA:14,10
DA:15,1
DA:16,6
DA:17,6
DA:18,6
DA:19,6
DA:20,6
DA:21,0
DA:22,0
DA:23,6
DA:24,6
DA:25,6
DA:26,6
DA:27,0
DA:28,0
DA:29,6
DA:30,6
DA:31,6
DA:32,6
DA:33,6
DA:34,6
DA:35,6
DA:36,6
DA:37,1
DA:38,1
DA:39,2
DA:40,2
DA:41,2
DA:42,2
DA:43,2
DA:44,0
DA:45,0
DA:46,0
DA:47,0
DA:48,2
DA:49,2
DA:50,2
DA:51,2
DA:52,2
DA:53,2
DA:54,2
DA:55,2
DA:56,2
DA:57,2
DA:58,2
DA:59,2
DA:60,2
DA:61,2
DA:62,2
DA:63,2
DA:64,2
DA:65,2
DA:66,2
DA:67,2
DA:68,2
DA:69,2
DA:70,2
DA:71,2
DA:72,2
DA:73,2
DA:74,2
DA:75,2
DA:76,2
DA:77,2
DA:78,2
DA:79,2
DA:80,2
DA:81,2
DA:82,2
DA:83,2
DA:84,2
DA:85,2
DA:86,2
DA:87,2
DA:88,2
DA:89,2
DA:90,2
DA:91,2
DA:92,2
DA:93,2
DA:94,2
DA:95,2
DA:96,2
DA:97,2
DA:98,2
DA:99,2
DA:100,2
DA:101,2
DA:102,2
DA:103,2
DA:104,2
DA:105,2
DA:106,2
DA:107,2
DA:108,2
DA:109,2
DA:110,2
DA:111,2
DA:112,2
DA:113,2
DA:114,2
DA:115,2
DA:116,2
DA:117,2
DA:118,2
DA:119,2
DA:120,2
DA:121,2
DA:122,2
DA:123,2
DA:124,2
DA:125,2
DA:126,2
DA:127,2
DA:128,2
DA:129,2
DA:130,2
DA:131,2
DA:132,2
DA:133,2
DA:134,2
DA:135,2
DA:136,2
DA:137,2
DA:138,2
DA:139,2
DA:140,2
DA:141,1
DA:142,1
DA:143,1
DA:144,10
DA:145,10
DA:146,10
DA:147,0
DA:148,0
DA:149,10
DA:150,10
DA:151,1
DA:152,1
DA:153,10
DA:154,10
DA:155,10
DA:156,10
DA:157,1
DA:158,1
DA:159,1
DA:160,1
DA:161,1
DA:162,1
DA:163,1
DA:164,1
DA:165,1
DA:166,1
DA:167,1
DA:168,1
DA:169,1
DA:170,1
DA:171,1
DA:172,1
DA:173,1
DA:174,1
DA:175,1
DA:176,1
DA:177,1
DA:178,1
DA:179,1
LF:179
LH:169
BRDA:158,0,0,0
BRDA:1,1,0,30
BRDA:1,2,0,10
BRDA:1,3,0,20
BRDA:1,4,0,10
BRDA:1,5,0,0
BRDA:1,6,0,20
BRDA:1,7,0,241
BRDA:1,8,0,10
BRDA:1,9,0,237
BRDA:1,10,0,4
BRDA:1,11,0,10
BRDA:15,12,0,6
BRDA:20,13,0,0
BRDA:26,14,0,0
BRDA:38,15,0,2
BRDA:43,16,0,0
BRDA:143,17,0,10
BRDA:146,18,0,0
BRDA:150,19,0,1
BRDA:158,20,0,1
BRF:21
BRH:15
end_of_record
TN:
SF:src/emitter/atom-table.ts
FN:1,__name
FN:1,__export
FN:1,__copyProps
FN:1,get
FN:1,__toCommonJS
FN:1,AtomTable
FN:44,AtomTable
FN:1,<static_initializer>
FN:73,getOrAdd
FN:91,dupAtom
FN:103,freeAtom
FN:119,getAtomName
FN:129,hasAtom
FN:139,getRefCount
FN:149,getAllAtoms
FN:153,insert
FNF:16
FNH:16
FNDA:51,__name
FNDA:17,__export
FNDA:17,__copyProps
FNDA:166,get
FNDA:17,__toCommonJS
FNDA:166,AtomTable
FNDA:166,AtomTable
FNDA:17,<static_initializer>
FNDA:433,getOrAdd
FNDA:499,dupAtom
FNDA:1,freeAtom
FNDA:6,getAtomName
FNDA:228,hasAtom
FNDA:3,getRefCount
FNDA:3,getAllAtoms
FNDA:35266,insert
DA:1,17
DA:2,17
DA:3,17
DA:4,17
DA:5,17
DA:6,17
DA:7,17
DA:8,17
DA:9,17
DA:10,17
DA:11,17
DA:12,17
DA:13,17
DA:14,17
DA:15,17
DA:16,17
DA:17,17
DA:18,17
DA:19,17
DA:20,17
DA:21,17
DA:22,17
DA:23,17
DA:24,17
DA:25,17
DA:26,17
DA:27,17
DA:28,17
DA:29,17
DA:30,17
DA:31,17
DA:32,17
DA:33,17
DA:34,17
DA:35,17
DA:36,17
DA:37,17
DA:38,17
DA:39,17
DA:40,1
DA:41,1
DA:42,1
DA:43,1
DA:44,1
DA:45,166
DA:46,166
DA:47,166
DA:48,166
DA:49,166
DA:50,166
DA:51,34990
DA:52,34990
DA:53,166
DA:54,166
DA:55,166
DA:56,166
DA:57,152
DA:58,34504
DA:59,34504
DA:60,152
DA:61,166
DA:62,166
DA:63,486
DA:64,486
DA:65,166
DA:66,1
DA:67,1
DA:68,1
DA:69,1
DA:70,1
DA:71,1
DA:72,1
DA:73,1
DA:74,433
DA:75,433
DA:76,158
DA:77,158
DA:78,158
DA:79,425
DA:80,425
DA:81,275
DA:82,275
DA:83,433
DA:84,1
DA:85,1
DA:86,1
DA:87,1
DA:88,1
DA:89,1
DA:90,1
DA:91,1
DA:92,499
DA:93,499
DA:94,499
DA:95,499
DA:96,1
DA:97,1
DA:98,1
DA:99,1
DA:100,1
DA:101,1
DA:102,1
DA:103,1
DA:104,1
DA:105,1
DA:106,1
DA:107,1
DA:108,0
DA:109,0
DA:110,0
DA:111,1
DA:112,1
DA:113,1
DA:114,1
DA:115,1
DA:116,1
DA:117,1
DA:118,1
DA:119,1
DA:120,6
DA:121,6
DA:122,1
DA:123,1
DA:124,1
DA:125,1
DA:126,1
DA:127,1
DA:128,1
DA:129,1
DA:130,228
DA:131,228
DA:132,1
DA:133,1
DA:134,1
DA:135,1
DA:136,1
DA:137,1
DA:138,1
DA:139,1
DA:140,3
DA:141,3
DA:142,1
DA:143,1
DA:144,1
DA:145,1
DA:146,1
DA:147,1
DA:148,1
DA:149,1
DA:150,3
DA:151,3
DA:152,1
DA:153,1
DA:154,35266
DA:155,35266
DA:156,35266
DA:157,0
LF:157
LH:153
BRDA:157,0,0,0
BRDA:1,1,0,51
BRDA:1,2,0,17
BRDA:1,3,0,17
BRDA:1,4,0,0
BRDA:1,5,0,166
BRDA:1,6,0,17
BRDA:1,7,0,166
BRDA:16,8,0,34504
BRDA:17,9,0,0
BRDA:19,10,0,152
BRDA:20,11,0,34352
BRDA:23,12,0,152
BRDA:25,13,0,69008
BRDA:26,14,0,34504
BRDA:27,15,0,0
BRDA:28,16,0,34504
BRDA:44,17,0,166
BRDA:45,18,0,152
BRDA:46,19,0,165
BRDA:46,20,0,152
BRDA:46,21,0,14
BRDA:47,22,0,164
BRDA:50,23,0,34990
BRDA:54,24,0,158
BRDA:56,25,0,152
BRDA:57,26,0,34504
BRDA:62,27,0,486
BRDA:1,28,0,17
BRDA:73,29,0,433
BRDA:75,30,0,425
BRDA:75,31,0,158
BRDA:80,32,0,275
BRDA:91,33,0,499
BRDA:93,34,0,494
BRDA:103,35,0,1
BRDA:105,36,0,0
BRDA:107,37,0,0
BRDA:119,38,0,6
BRDA:129,39,0,228
BRDA:139,40,0,3
BRDA:140,41,0,0
BRDA:149,42,0,3
BRDA:150,43,0,484
BRDA:153,44,0,35266
BRDA:154,45,0,34990
BRDA:154,46,0,276
BRF:47
BRH:40
end_of_record
TN:
SF:src/emitter/bytecode-buffer.ts
FN:1,__name
FN:1,__export
FN:1,__copyProps
FN:1,get
FN:1,__toCommonJS
FN:1,BytecodeBuffer
FN:1,<static_initializer>
FN:17,BytecodeBuffer
FN:29,get length
FN:39,get hasError
FN:49,toUint8Array
FN:59,snapshot
FN:69,reserve
FN:82,writeBytes
FN:96,writeSelf
FN:107,writeU8
FN:119,writeU16
FN:132,writeU32
FN:147,writeI32
FN:157,writeAt
FN:170,patchU8
FN:180,patchU16
FN:190,patchU32
FN:205,patchI32
FN:209,grow
FNF:25
FNH:16
FNDA:13,__name
FNDA:13,__export
FNDA:13,__copyProps
FNDA:249,get
FNDA:13,__toCommonJS
FNDA:249,BytecodeBuffer
FNDA:13,<static_initializer>
FNDA:249,BytecodeBuffer
FNDA:2265,get length
FNDA:0,get hasError
FNDA:199,toUint8Array
FNDA:73,snapshot
FNDA:3525,reserve
FNDA:0,writeBytes
FNDA:0,writeSelf
FNDA:2233,writeU8
FNDA:209,writeU16
FNDA:1083,writeU32
FNDA:0,writeI32
FNDA:0,writeAt
FNDA:0,patchU8
FNDA:0,patchU16
FNDA:0,patchU32
FNDA:0,patchI32
FNDA:3525,grow
DA:1,13
DA:2,13
DA:3,13
DA:4,13
DA:5,13
DA:6,13
DA:7,13
DA:8,13
DA:9,13
DA:10,13
DA:11,13
DA:12,13
DA:13,1
DA:14,1
DA:15,1
DA:16,1
DA:17,1
DA:18,249
DA:19,249
DA:20,249
DA:21,249
DA:22,1
DA:23,1
DA:24,1
DA:25,1
DA:26,1
DA:27,1
DA:28,1
DA:29,1
DA:30,2265
DA:31,2265
DA:32,1
DA:33,1
DA:34,1
DA:35,1
DA:36,1
DA:37,1
DA:38,1
DA:39,1
DA:40,0
DA:41,0
DA:42,1
DA:43,1
DA:44,1
DA:45,1
DA:46,1
DA:47,1
DA:48,1
DA:49,1
DA:50,199
DA:51,199
DA:52,1
DA:53,1
DA:54,1
DA:55,1
DA:56,1
DA:57,1
DA:58,1
DA:59,1
DA:60,73
DA:61,73
DA:62,1
DA:63,1
DA:64,1
DA:65,1
DA:66,1
DA:67,1
DA:68,1
DA:69,1
DA:70,3525
DA:71,3525
DA:72,3525
DA:73,3525
DA:74,3525
DA:75,1
DA:76,1
DA:77,1
DA:78,1
DA:79,1
DA:80,1
DA:81,1
DA:82,1
DA:83,0
DA:84,0
DA:85,0
DA:86,0
DA:87,0
DA:88,0
DA:89,1
DA:90,1
DA:91,1
DA:92,1
DA:93,1
DA:94,1
DA:95,1
DA:96,1
DA:97,0
DA:98,0
DA:99,0
DA:100,1
DA:101,1
DA:102,1
DA:103,1
DA:104,1
DA:105,1
DA:106,1
DA:107,1
DA:108,2233
DA:109,2233
DA:110,2233
DA:111,2233
DA:112,1
DA:113,1
DA:114,1
DA:115,1
DA:116,1
DA:117,1
DA:118,1
DA:119,1
DA:120,209
DA:121,209
DA:122,209
DA:123,209
DA:124,209
DA:125,1
DA:126,1
DA:127,1
DA:128,1
DA:129,1
DA:130,1
DA:131,1
DA:132,1
DA:133,1083
DA:134,1083
DA:135,1083
DA:136,1083
DA:137,1083
DA:138,1083
DA:139,1083
DA:140,1
DA:141,1
DA:142,1
DA:143,1
DA:144,1
DA:145,1
DA:146,1
DA:147,1
DA:148,0
DA:149,0
DA:150,1
DA:151,1
DA:152,1
DA:153,1
DA:154,1
DA:155,1
DA:156,1
DA:157,1
DA:158,0
DA:159,0
DA:160,0
DA:161,0
DA:162,0
DA:163,1
DA:164,1
DA:165,1
DA:166,1
DA:167,1
DA:168,1
DA:169,1
DA:170,1
DA:171,0
DA:172,0
DA:173,1
DA:174,1
DA:175,1
DA:176,1
DA:177,1
DA:178,1
DA:179,1
DA:180,1
DA:181,0
DA:182,0
DA:183,1
DA:184,1
DA:185,1
DA:186,1
DA:187,1
DA:188,1
DA:189,1
DA:190,1
DA:191,0
DA:192,0
DA:193,0
DA:194,0
DA:195,0
DA:196,0
DA:197,0
DA:198,1
DA:199,1
DA:200,1
DA:201,1
DA:202,1
DA:203,1
DA:204,1
DA:205,1
DA:206,0
DA:207,0
DA:208,1
DA:209,1
DA:210,3525
DA:211,3525
DA:212,3525
DA:213,3525
DA:214,3525
DA:215,3525
DA:216,3525
DA:217,3525
DA:218,0
DA:219,0
DA:220,0
DA:221,0
DA:222,0
DA:223,3525
DA:224,0
LF:224
LH:187
BRDA:224,0,0,0
BRDA:1,1,0,13
BRDA:1,2,0,13
BRDA:1,3,0,13
BRDA:1,4,0,0
BRDA:1,5,0,249
BRDA:1,6,0,13
BRDA:1,7,0,249
BRDA:1,8,0,13
BRDA:17,9,0,249
BRDA:29,10,0,2265
BRDA:49,11,0,199
BRDA:59,12,0,73
BRDA:69,13,0,3525
BRDA:107,14,0,2233
BRDA:119,15,0,209
BRDA:132,16,0,1083
BRDA:209,17,0,3525
BRDA:210,18,0,0
BRDA:217,19,0,0
BRF:20
BRH:16
end_of_record
TN:
SF:src/emitter/classes.ts
FN:1,__name
FN:1,__export
FN:1,__copyProps
FN:1,get
FN:1,__toESM
FN:1,__toCommonJS
FN:1,ClassEmitter
FN:60,ClassEmitter
FN:1,<static_initializer>
FN:63,emitClassDeclaration
FN:74,emitClassExpression
FN:82,emitClass
FN:357,classNameIsReferenced
FN:420,getConstructorTemplate
FN:433,collectMembers
FN:498,buildDefaultConstructorTemplate
FN:558,buildConstructorTemplate
FN:641,buildFieldsInitTemplate
FN:727,getPropertyName
FN:733,getComputedNameExpression
FNF:20
FNH:20
FNDA:30,__name
FNDA:10,__export
FNDA:20,__copyProps
FNDA:474,get
FNDA:10,__toESM
FNDA:10,__toCommonJS
FNDA:474,ClassEmitter
FNDA:474,ClassEmitter
FNDA:10,<static_initializer>
FNDA:10,emitClassDeclaration
FNDA:1,emitClassExpression
FNDA:11,emitClass
FNDA:10,classNameIsReferenced
FNDA:11,getConstructorTemplate
FNDA:11,collectMembers
FNDA:9,buildDefaultConstructorTemplate
FNDA:2,buildConstructorTemplate
FNDA:8,buildFieldsInitTemplate
FNDA:12,getPropertyName
FNDA:2,getComputedNameExpression
DA:1,10
DA:2,10
DA:3,10
DA:4,10
DA:5,10
DA:6,10
DA:7,10
DA:8,10
DA:9,10
DA:10,10
DA:11,10
DA:12,10
DA:13,10
DA:14,10
DA:15,10
DA:16,10
DA:17,10
DA:18,10
DA:19,10
DA:20,10
DA:21,10
DA:22,10
DA:23,10
DA:24,10
DA:25,10
DA:26,10
DA:27,10
DA:28,10
DA:29,10
DA:30,10
DA:31,10
DA:32,10
DA:33,10
DA:34,10
DA:35,10
DA:36,10
DA:37,10
DA:38,10
DA:39,10
DA:40,10
DA:41,10
DA:42,10
DA:43,10
DA:44,10
DA:45,10
DA:46,10
DA:47,10
DA:48,10
DA:49,10
DA:50,10
DA:51,10
DA:52,10
DA:53,10
DA:54,10
DA:55,10
DA:56,10
DA:57,10
DA:58,10
DA:59,10
DA:60,10
DA:61,474
DA:62,1
DA:63,1
DA:64,10
DA:65,10
DA:66,10
DA:67,10
DA:68,10
DA:69,0
DA:70,0
DA:71,10
DA:72,10
DA:73,1
DA:74,1
DA:75,1
DA:76,1
DA:77,1
DA:78,1
DA:79,1
DA:80,1
DA:81,1
DA:82,1
DA:83,11
DA:84,11
DA:85,11
DA:86,11
DA:87,11
DA:88,11
DA:89,11
DA:90,11
DA:91,11
DA:92,11
DA:93,11
DA:94,11
DA:95,11
DA:96,11
DA:97,11
DA:98,11
DA:99,11
DA:100,11
DA:101,11
DA:102,11
DA:103,11
DA:104,11
DA:105,11
DA:106,11
DA:107,11
DA:108,11
DA:109,11
DA:110,1
DA:111,1
DA:112,11
DA:113,1
DA:114,1
DA:115,11
DA:116,11
DA:117,11
DA:118,3
DA:119,3
DA:120,3
DA:121,3
DA:122,3
DA:123,3
DA:124,2
DA:125,2
DA:126,3
DA:127,11
DA:128,11
DA:129,10
DA:130,10
DA:131,10
DA:132,11
DA:133,11
DA:134,1
DA:135,11
DA:136,10
DA:137,10
DA:138,11
DA:139,11
DA:140,11
DA:141,11
DA:142,11
DA:143,11
DA:144,3
DA:145,3
DA:146,3
DA:147,11
DA:148,11
DA:149,1
DA:150,1
DA:151,1
DA:152,1
DA:153,11
DA:154,11
DA:155,1
DA:156,1
DA:157,1
DA:158,1
DA:159,11
DA:160,11
DA:161,11
DA:162,11
DA:163,11
DA:164,11
DA:165,11
DA:166,11
DA:167,11
DA:168,11
DA:169,11
DA:170,6
DA:171,2
DA:172,2
DA:173,2
DA:174,0
DA:175,0
DA:176,2
DA:177,2
DA:178,2
DA:179,2
DA:180,2
DA:181,0
DA:182,0
DA:183,2
DA:184,2
DA:185,6
DA:186,6
DA:187,1
DA:188,1
DA:189,1
DA:190,6
DA:191,11
DA:192,11
DA:193,1
DA:194,1
DA:195,1
DA:196,1
DA:197,1
DA:198,1
DA:199,1
DA:200,11
DA:201,11
DA:202,1
DA:203,1
DA:204,1
DA:205,1
DA:206,1
DA:207,1
DA:208,1
DA:209,1
DA:210,11
DA:211,11
DA:212,3
DA:213,3
DA:214,3
DA:215,0
DA:216,0
DA:217,3
DA:218,1
DA:219,1
DA:220,1
DA:221,1
DA:222,1
DA:223,1
DA:224,3
DA:225,0
DA:226,0
DA:227,0
DA:228,3
DA:229,0
DA:230,0
DA:231,3
DA:232,11
DA:233,11
DA:234,8
DA:235,1
DA:236,1
DA:237,8
DA:238,8
DA:239,0
DA:240,8
DA:241,8
DA:242,8
DA:243,8
DA:244,8
DA:245,8
DA:246,1
DA:247,1
DA:248,8
DA:249,11
DA:250,11
DA:251,2
DA:252,0
DA:253,0
DA:254,2
DA:255,2
DA:256,0
DA:257,2
DA:258,2
DA:259,2
DA:260,2
DA:261,2
DA:262,2
DA:263,0
DA:264,0
DA:265,2
DA:266,11
DA:267,11
DA:268,11
DA:269,1
DA:270,1
DA:271,1
DA:272,1
DA:273,1
DA:274,11
DA:275,11
DA:276,11
DA:277,5
DA:278,5
DA:279,5
DA:280,5
DA:281,5
DA:282,5
DA:283,5
DA:284,5
DA:285,5
DA:286,5
DA:287,11
DA:288,6
DA:289,6
DA:290,6
DA:291,6
DA:292,11
DA:293,11
DA:294,11
DA:295,11
DA:296,0
DA:297,0
DA:298,0
DA:299,0
DA:300,11
DA:301,11
DA:302,10
DA:303,10
DA:304,10
DA:305,11
DA:306,11
DA:307,11
DA:308,3
DA:309,3
DA:310,3
DA:311,3
DA:312,3
DA:313,3
DA:314,3
DA:315,3
DA:316,3
DA:317,3
DA:318,3
DA:319,3
DA:320,3
DA:321,3
DA:322,11
DA:323,11
DA:324,11
DA:325,11
DA:326,11
DA:327,0
DA:328,0
DA:329,0
DA:330,11
DA:331,11
DA:332,1
DA:333,1
DA:334,1
DA:335,1
DA:336,11
DA:337,11
DA:338,1
DA:339,1
DA:340,1
DA:341,1
DA:342,11
DA:343,11
DA:344,3
DA:345,3
DA:346,2
DA:347,2
DA:348,11
DA:349,11
DA:350,10
DA:351,10
DA:352,11
DA:353,1
DA:354,1
DA:355,11
DA:356,1
DA:357,1
DA:358,10
DA:359,0
DA:360,0
DA:361,0
DA:362,0
DA:363,0
DA:364,0
DA:365,0
DA:366,0
DA:367,0
DA:368,0
DA:369,0
DA:370,0
DA:371,0
DA:372,0
DA:373,0
DA:374,0
DA:375,0
DA:376,0
DA:377,0
DA:378,0
DA:379,0
DA:380,0
DA:381,0
DA:382,10
DA:383,10
DA:384,10
DA:385,63
DA:386,63
DA:387,0
DA:388,0
DA:389,0
DA:390,63
DA:391,63
DA:392,10
DA:393,10
DA:394,18
DA:395,1
DA:396,1
DA:397,1
DA:398,18
DA:399,1
DA:400,1
DA:401,1
DA:402,18
DA:403,10
DA:404,0
DA:405,0
DA:406,10
DA:407,10
DA:408,10
DA:409,18
DA:410,6
DA:411,2
DA:412,2
DA:413,6
DA:414,6
DA:415,18
DA:416,10
DA:417,10
DA:418,10
DA:419,1
DA:420,1
DA:421,11
DA:422,11
DA:423,11
DA:424,11
DA:425,11
DA:426,11
DA:427,11
DA:428,2
DA:429,2
DA:430,11
DA:431,11
DA:432,1
DA:433,1
DA:434,11
DA:435,11
DA:436,11
DA:437,11
DA:438,11
DA:439,11
DA:440,11
DA:441,20
DA:442,20
DA:443,1
DA:444,1
DA:445,1
DA:446,20
DA:447,9
DA:448,9
DA:449,9
[...]
DA:40,4
DA:41,4
DA:42,4
DA:43,1
DA:44,1
DA:45,4
DA:46,4
DA:47,4
DA:48,1
DA:49,1
DA:50,1
DA:51,1
DA:52,4
DA:53,0
LF:53
LH:52
BRDA:53,0,0,0
BRDA:1,1,0,1
BRDA:1,2,0,1
BRDA:1,3,0,1
BRDA:1,4,0,0
BRDA:1,5,0,1
BRDA:1,6,0,1
BRDA:1,7,0,1
BRDA:21,8,0,1
BRDA:1,9,0,1
BRDA:30,10,0,4
BRDA:36,11,0,1
BRDA:41,12,0,3
BRDA:42,13,0,1
BRDA:46,14,0,2
BRDA:47,15,0,1
BRF:16
BRH:14
end_of_record
TN:
SF:third_party/QuickJS/wasm/output/quickjs_wasm.js
FN:1,QuickJSBytecode
FN:1,humanReadableVersionToPacked
FN:1,packedVersionToHumanReadable
FN:1,quit_
FN:1,locateFile
FN:1,readBinary
FN:1,readAsync
FN:1,quit_
FN:1,assert
FN:1,isFileURI
FN:1,writeStackCookie
FN:1,checkStackCookie
FN:1,CppException
FN:1,consumedModuleProp
FN:1,set
FN:1,makeInvalidEarlyAccess
FN:1,ignoredModuleProp
FN:1,isExportedByForceFilesystem
FN:1,missingLibrarySymbol
FN:1,unexportedRuntimeSymbol
FN:1,get
FN:1,updateMemoryViews
FN:1,preRun
FN:1,initRuntime
FN:1,postRun
FN:1,abort
FN:1,error
FN:1,init
FN:1,createDataFile
FN:1,createPreloadedFile
FN:1,createLazyFile
FN:1,open
FN:1,mkdev
FN:1,registerDevice
FN:1,analyzePath
FN:1,ErrnoError
FN:1,createExportWrapper
FN:1,findWasmBinary
FN:1,getBinarySync
FN:1,getWasmBinary
FN:1,instantiateArrayBuffer
FN:1,instantiateAsync
FN:1,getWasmImports
FN:1,createWasm
FN:1,receiveInstance
FN:1,receiveInstantiationResult
FN:1,<instance_members_initializer>
FN:1,callRuntimeCallbacks
FN:1,addOnPostRun
FN:1,addOnPreRun
FN:1,ptrToString
FN:1,stackRestore
FN:1,stackSave
FN:1,warnOnce
FN:1,findStringEnd
FN:1,UTF8ArrayToString
FN:1,UTF8ToString
FN:1,___assert_fail
FN:1,___cxa_begin_catch
FN:1,___cxa_end_catch
FN:1,ExceptionInfo
FN:1,set_type
FN:1,get_type
FN:1,set_destructor
FN:1,get_destructor
FN:1,set_caught
FN:1,get_caught
FN:1,set_rethrown
FN:1,get_rethrown
FN:1,init
FN:1,set_adjusted_ptr
FN:1,get_adjusted_ptr
FN:1,setTempRet0
FN:1,findMatchingCatch
FN:1,___cxa_find_matching_catch_2
FN:1,___cxa_find_matching_catch_3
FN:1,___cxa_rethrow
FN:1,___cxa_throw
FN:1,___cxa_uncaught_exceptions
FN:1,___resumeException
FN:1,__abort_js
FN:1,AsciiToString
FN:1,BindingError
FN:1,throwBindingError
FN:1,sharedRegisterType
FN:1,registerType
FN:1,integerReadValueFromPointer
FN:1,embindRepr
FN:1,assertIntegerRange
FN:1,__embind_register_bigint
FN:1,fromWireType
FN:1,fromWireType
FN:1,toWireType
FN:1,__embind_register_bool
FN:1,fromWireType
FN:1,toWireType
FN:1,readValueFromPointer
FN:1,shallowCopyInternalPointer
FN:1,throwInstanceAlreadyDeleted
FN:1,detachFinalizer
FN:1,runDestructor
FN:1,releaseClassHandle
FN:1,downcastPointer
FN:1,getBasestPointer
FN:1,getInheritedInstance
FN:1,InternalError
FN:1,throwInternalError
FN:1,makeClassHandle
FN:1,RegisteredPointer_fromWireType
FN:1,makeDefaultHandle
FN:1,attachFinalizer
FN:1,attachFinalizer
FN:1,attachFinalizer
FN:1,detachFinalizer
FN:1,flushPendingDeletes
FN:1,init_ClassHandle
FN:1,isAliasOf
FN:1,clone
FN:1,delete
FN:1,isDeleted
FN:1,deleteLater
FN:1,ClassHandle
FN:1,createNamedFunction
FN:1,ensureOverloadTable
FN:1,exposePublicSymbol
FN:1,makeLegalFunctionName
FN:1,RegisteredClass
FN:1,upcastPointer
FN:1,constNoSmartPtrRawPointerToWireType
FN:1,genericPointerToWireType
FN:1,nonConstNoSmartPtrRawPointerToWireType
FN:1,readPointer
FN:1,init_RegisteredPointer
FN:1,getPointee
FN:1,destructor
FN:1,RegisteredPointer
FN:1,replacePublicSymbol
FN:1,getWasmTableEntry
FN:1,embind__requireFunction
FN:1,makeDynCaller
FN:1,getTypeName
FN:1,throwUnboundTypeError
FN:1,whenDependentTypesAreResolved
FN:1,onComplete
FN:1,__embind_register_class
FN:1,runDestructors
FN:1,usesDestructorStack
FN:1,checkArgCount
FN:1,createJsInvoker
FN:1,getRequiredArgCount
FN:1,craftInvokerFunction
FN:1,heap32VectorToArray
FN:1,getFunctionName
FN:1,__embind_register_class_class_function
FN:1,unboundTypesHandler
FN:1,__embind_register_class_constructor
FN:1,classType.registeredClass.constructor_body.<computed>
FN:1,__embind_register_class_function
FN:1,unboundTypesHandler
FN:1,validateThis
FN:1,__embind_register_class_property
FN:1,get
FN:1,desc.set
FN:1,desc.set
FN:1,get
FN:1,desc.set
FN:1,__emval_decref
FN:1,toValue
FN:1,toHandle
FN:1,fromWireType
FN:1,toWireType
FN:1,__embind_register_emval
FN:1,enumReadValueFromPointer
FN:1,getEnumValueType
FN:1,__embind_register_enum
FN:1,ctor
FN:1,fromWireType
FN:1,toWireType
FN:1,fromWireType
FN:1,toWireType
FN:1,fromWireType
FN:1,toWireType
FN:1,requireRegisteredType
FN:1,__embind_register_enum_value
FN:1,floatReadValueFromPointer
FN:1,__embind_register_float
FN:1,fromWireType
FN:1,toWireType
FN:1,__embind_register_integer
FN:1,fromWireType
FN:1,fromWireType
FN:1,toWireType
FN:1,installIndexedIterator
FN:1,makeIterator
FN:1,proto.<computed>
FN:1,__embind_register_iterable
FN:1,__embind_register_memory_view
FN:1,decodeMemoryView
FN:1,__embind_register_optional
FN:1,__embind_register_smart_ptr
FN:1,stringToUTF8Array
FN:1,stringToUTF8
FN:1,lengthBytesUTF8
FN:1,__embind_register_std_string
FN:1,fromWireType
FN:1,toWireType
FN:1,destructorFunction
FN:1,UTF16ToString
FN:1,stringToUTF16
FN:1,lengthBytesUTF16
FN:1,UTF32ToString
FN:1,stringToUTF32
FN:1,lengthBytesUTF32
FN:1,__embind_register_std_wstring
FN:1,fromWireType
FN:1,toWireType
FN:1,destructorFunction
FN:1,__embind_register_void
FN:1,fromWireType
FN:1,toWireType
FN:1,emval_addMethodCaller
FN:1,emval_lookupTypes
FN:1,emval_returnValue
FN:1,getStringOrSymbol
FN:1,__emval_create_invoker
FN:1,__emval_incref
FN:1,__emval_invoke
FN:1,__emval_run_destructors
FN:1,isLeapYear
FN:1,ydayFromDate
FN:1,bigintToI53Checked
FN:1,__localtime_js
FN:1,__tzset_js
FN:1,_emscripten_date_now
FN:1,getHeapMax
FN:1,alignMemory
FN:1,growMemory
FN:1,_emscripten_resize_heap
FN:1,getExecutableName
FN:1,getEnvStrings
FN:1,_environ_get
FN:1,_environ_sizes_get
FN:1,_fd_close
FN:1,_fd_seek
FN:1,printChar
FN:1,flush_NO_FILESYSTEM
FN:1,_fd_write
FN:1,exnToPtr
FN:1,incrementExceptionRefcount
FN:1,decrementExceptionRefcount
FN:1,stackAlloc
FN:1,getExceptionMessageCommon
FN:1,getExceptionMessage
FN:1,checkIncomingModuleAPI
FN:1,assignWasmExports
FN:1,invoke_ii
FN:1,invoke_iii
FN:1,invoke_vii
FN:1,invoke_vi
FN:1,invoke_v
FN:1,invoke_iiiiiii
FN:1,invoke_iiii
FN:1,invoke_viiii
FN:1,invoke_iiiiii
FN:1,invoke_viii
FN:1,invoke_iiiiiiii
FN:1,invoke_iiiiiiiiiii
FN:1,invoke_iiiii
FN:1,invoke_jiiii
FN:1,invoke_iiiiiiiiiiiii
FN:1,invoke_fiii
FN:1,invoke_diii
FN:1,invoke_i
FN:1,invoke_viiiiiii
FN:1,invoke_iiiiiiiiiiii
FN:1,invoke_viiiiiiiiii
FN:1,invoke_viiiiiiiiiiiiiii
FN:1,stackCheckInit
FN:1,run
FN:1,doRun
FN:1,get
FNF:281
FNH:136
FNDA:25,QuickJSBytecode
FNDA:25,humanReadableVersionToPacked
FNDA:0,packedVersionToHumanReadable
FNDA:0,quit_
FNDA:25,locateFile
FNDA:0,readBinary
FNDA:25,readAsync
FNDA:0,quit_
FNDA:130448,assert
FNDA:25,isFileURI
FNDA:25,writeStackCookie
FNDA:75,checkStackCookie
FNDA:0,CppException
FNDA:100,consumedModuleProp
FNDA:0,set
FNDA:600,makeInvalidEarlyAccess
FNDA:25,ignoredModuleProp
FNDA:0,isExportedByForceFilesystem
FNDA:4300,missingLibrarySymbol
FNDA:12150,unexportedRuntimeSymbol
FNDA:0,get
FNDA:25,updateMemoryViews
FNDA:25,preRun
FNDA:25,initRuntime
FNDA:25,postRun
FNDA:0,abort
FNDA:0,error
FNDA:0,init
FNDA:0,createDataFile
FNDA:0,createPreloadedFile
FNDA:0,createLazyFile
FNDA:0,open
FNDA:0,mkdev
FNDA:0,registerDevice
FNDA:0,analyzePath
FNDA:0,ErrnoError
FNDA:325,createExportWrapper
FNDA:25,findWasmBinary
FNDA:0,getBinarySync
FNDA:25,getWasmBinary
FNDA:25,instantiateArrayBuffer
FNDA:25,instantiateAsync
FNDA:25,getWasmImports
FNDA:25,createWasm
FNDA:25,receiveInstance
FNDA:25,receiveInstantiationResult
FNDA:0,<instance_members_initializer>
FNDA:50,callRuntimeCallbacks
FNDA:0,addOnPostRun
FNDA:0,addOnPreRun
FNDA:0,ptrToString
FNDA:0,stackRestore
FNDA:9898,stackSave
FNDA:0,warnOnce
FNDA:4672,findStringEnd
FNDA:4672,UTF8ArrayToString
FNDA:2214,UTF8ToString
FNDA:0,___assert_fail
FNDA:0,___cxa_begin_catch
FNDA:0,___cxa_end_catch
FNDA:0,ExceptionInfo
FNDA:0,set_type
FNDA:0,get_type
FNDA:0,set_destructor
FNDA:0,get_destructor
FNDA:0,set_caught
FNDA:0,get_caught
FNDA:0,set_rethrown
FNDA:0,get_rethrown
FNDA:0,init
FNDA:0,set_adjusted_ptr
FNDA:0,get_adjusted_ptr
FNDA:0,setTempRet0
FNDA:0,findMatchingCatch
FNDA:0,___cxa_find_matching_catch_2
FNDA:0,___cxa_find_matching_catch_3
FNDA:0,___cxa_rethrow
FNDA:0,___cxa_throw
FNDA:0,___cxa_uncaught_exceptions
FNDA:0,___resumeException
FNDA:0,__abort_js
FNDA:20675,AsciiToString
FNDA:0,BindingError
FNDA:0,throwBindingError
FNDA:5175,sharedRegisterType
FNDA:5175,registerType
FNDA:275,integerReadValueFromPointer
FNDA:0,embindRepr
FNDA:16667,assertIntegerRange
FNDA:50,__embind_register_bigint
FNDA:0,fromWireType
FNDA:25,fromWireType
FNDA:0,toWireType
FNDA:25,__embind_register_bool
FNDA:271,fromWireType
FNDA:0,toWireType
FNDA:0,readValueFromPointer
FNDA:0,shallowCopyInternalPointer
FNDA:0,throwInstanceAlreadyDeleted
FNDA:0,detachFinalizer
FNDA:0,runDestructor
FNDA:0,releaseClassHandle
FNDA:2626,downcastPointer
FNDA:2626,getBasestPointer
FNDA:2626,getInheritedInstance
FNDA:0,InternalError
FNDA:0,throwInternalError
FNDA:2626,makeClassHandle
FNDA:2626,RegisteredPointer_fromWireType
FNDA:0,makeDefaultHandle
FNDA:25,attachFinalizer
FNDA:0,attachFinalizer
FNDA:2626,attachFinalizer
FNDA:0,detachFinalizer
FNDA:0,flushPendingDeletes
FNDA:25,init_ClassHandle
FNDA:0,isAliasOf
FNDA:0,clone
FNDA:0,delete
FNDA:0,isDeleted
FNDA:0,deleteLater
FNDA:0,ClassHandle
FNDA:6589,createNamedFunction
FNDA:0,ensureOverloadTable
FNDA:1250,exposePublicSymbol
FNDA:1200,makeLegalFunctionName
FNDA:1200,RegisteredClass
FNDA:33784,upcastPointer
FNDA:0,constNoSmartPtrRawPointerToWireType
FNDA:0,genericPointerToWireType
FNDA:27549,nonConstNoSmartPtrRawPointerToWireType
FNDA:2167,readPointer
FNDA:25,init_RegisteredPointer
FNDA:2626,getPointee
FNDA:0,destructor
FNDA:3625,RegisteredPointer
FNDA:1200,replacePublicSymbol
FNDA:21273,getWasmTableEntry
FNDA:11375,embind__requireFunction
FNDA:11375,makeDynCaller
FNDA:0,getTypeName
FNDA:0,throwUnboundTypeError
FNDA:15750,whenDependentTypesAreResolved
FNDA:15750,onComplete
FNDA:1200,__embind_register_class
FNDA:0,runDestructors
FNDA:10250,usesDestructorStack
FNDA:27777,checkArgCount
FNDA:5125,createJsInvoker
FNDA:5125,getRequiredArgCount
FNDA:5125,craftInvokerFunction
FNDA:5125,heap32VectorToArray
FNDA:3925,getFunctionName
FNDA:1300,__embind_register_class_class_function
FNDA:0,unboundTypesHandler
FNDA:1200,__embind_register_class_constructor
FNDA:0,classType.registeredClass.constructor_body.<computed>
FNDA:2625,__embind_register_class_function
FNDA:0,unboundTypesHandler
FNDA:6235,validateThis
FNDA:1875,__embind_register_class_property
FNDA:0,get
FNDA:0,desc.set
FNDA:0,desc.set
FNDA:6235,get
FNDA:0,desc.set
FNDA:10495,__emval_decref
FNDA:10495,toValue
FNDA:10495,toHandle
FNDA:10495,fromWireType
FNDA:10495,toWireType
FNDA:25,__embind_register_emval
FNDA:50,enumReadValueFromPointer
FNDA:50,getEnumValueType
FNDA:50,__embind_register_enum
FNDA:0,ctor
FNDA:0,fromWireType
FNDA:0,toWireType
FNDA:0,fromWireType
FNDA:0,toWireType
FNDA:0,fromWireType
FNDA:0,toWireType
FNDA:303,requireRegisteredType
FNDA:225,__embind_register_enum_value
FNDA:50,floatReadValueFromPointer
FNDA:50,__embind_register_float
FNDA:0,fromWireType
FNDA:0,toWireType
FNDA:225,__embind_register_integer
FNDA:123,fromWireType
FNDA:14422,fromWireType
FNDA:16667,toWireType
FNDA:525,installIndexedIterator
FNDA:0,makeIterator
FNDA:0,proto.<computed>
FNDA:525,__embind_register_iterable
FNDA:475,__embind_register_memory_view
FNDA:0,decodeMemoryView
FNDA:525,__embind_register_optional
FNDA:25,__embind_register_smart_ptr
FNDA:273,stringToUTF8Array
FNDA:273,stringToUTF8
FNDA:273,lengthBytesUTF8
FNDA:25,__embind_register_std_string
FNDA:2214,fromWireType
FNDA:182,toWireType
FNDA:182,destructorFunction
FNDA:0,UTF16ToString
FNDA:0,stringToUTF16
FNDA:0,lengthBytesUTF16
FNDA:0,UTF32ToString
FNDA:0,stringToUTF32
FNDA:0,lengthBytesUTF32
FNDA:75,__embind_register_std_wstring
FNDA:0,fromWireType
FNDA:0,toWireType
FNDA:0,destructorFunction
FNDA:25,__embind_register_void
FNDA:0,fromWireType
FNDA:0,toWireType
FNDA:39,emval_addMethodCaller
FNDA:39,emval_lookupTypes
FNDA:10495,emval_returnValue
FNDA:0,getStringOrSymbol
FNDA:39,__emval_create_invoker
FNDA:0,__emval_incref
FNDA:10495,__emval_invoke
FNDA:0,__emval_run_destructors
FNDA:0,isLeapYear
FNDA:0,ydayFromDate
FNDA:0,bigintToI53Checked
FNDA:0,__localtime_js
FNDA:0,__tzset_js
FNDA:149,_emscripten_date_now
FNDA:0,getHeapMax
FNDA:0,alignMemory
FNDA:0,growMemory
FNDA:0,_emscripten_resize_heap
FNDA:25,getExecutableName
FNDA:50,getEnvStrings
FNDA:25,_environ_get
FNDA:25,_environ_sizes_get
FNDA:0,_fd_close
FNDA:0,_fd_seek
FNDA:57591,printChar
FNDA:0,flush_NO_FILESYSTEM
FNDA:2527,_fd_write
FNDA:0,exnToPtr
FNDA:0,incrementExceptionRefcount
FNDA:0,decrementExceptionRefcount
FNDA:0,stackAlloc
FNDA:0,getExceptionMessageCommon
FNDA:0,getExceptionMessage
FNDA:25,checkIncomingModuleAPI
FNDA:25,assignWasmExports
FNDA:2770,invoke_ii
FNDA:1390,invoke_iii
FNDA:992,invoke_vii
FNDA:150,invoke_vi
FNDA:15,invoke_v
FNDA:0,invoke_iiiiiii
FNDA:0,invoke_iiii
FNDA:0,invoke_viiii
FNDA:1380,invoke_iiiiii
FNDA:5,invoke_viii
FNDA:0,invoke_iiiiiiii
FNDA:0,invoke_iiiiiiiiiii
FNDA:1380,invoke_iiiii
FNDA:0,invoke_jiiii
FNDA:0,invoke_iiiiiiiiiiiii
FNDA:0,invoke_fiii
FNDA:0,invoke_diii
FNDA:125,invoke_i
FNDA:1691,invoke_viiiiiii
FNDA:0,invoke_iiiiiiiiiiii
FNDA:0,invoke_viiiiiiiiii
FNDA:0,invoke_viiiiiiiiiiiiiii
FNDA:25,stackCheckInit
FNDA:25,run
FNDA:25,doRun
FNDA:0,get
DA:1,25
DA:2,25
LF:2
LH:2
BRDA:1,0,0,25
BRDA:2,1,0,0
BRDA:1,2,0,25
BRDA:1,3,0,0
BRDA:1,4,0,0
BRDA:1,5,0,0
BRDA:1,6,0,0
BRDA:1,7,0,0
BRDA:1,8,0,0
BRDA:1,9,0,0
BRDA:1,10,0,0
BRDA:1,11,0,0
BRDA:1,12,0,0
BRDA:1,13,0,0
BRDA:1,14,0,0
BRDA:1,15,0,1450
BRDA:1,16,0,0
BRDA:1,17,0,25
BRDA:1,18,0,0
BRDA:1,19,0,0
BRDA:1,20,0,0
BRDA:1,21,0,0
BRDA:1,22,0,0
BRDA:1,23,0,0
BRDA:1,24,0,0
BRDA:1,25,0,25
BRDA:1,26,0,0
BRDA:1,27,0,75
BRDA:1,28,0,25
BRDA:1,29,0,0
BRDA:1,30,0,25
BRDA:1,31,0,0
BRDA:1,32,0,0
BRDA:1,33,0,0
BRDA:1,34,0,130448
BRDA:1,35,0,0
BRDA:1,36,0,25
BRDA:1,37,0,25
BRDA:1,38,0,0
BRDA:1,39,0,75
BRDA:1,40,0,0
BRDA:1,41,0,0
BRDA:1,42,0,0
BRDA:1,43,0,0
BRDA:1,44,0,25
BRDA:1,45,0,0
BRDA:1,46,0,100
BRDA:1,47,0,600
BRDA:1,48,0,25
BRDA:1,49,0,0
BRDA:1,50,0,4300
BRDA:1,51,0,12150
BRDA:1,52,0,12050
BRDA:1,53,0,25
BRDA:1,54,0,25
BRDA:1,55,0,0
BRDA:1,56,0,25
BRDA:1,57,0,25
BRDA:1,58,0,0
BRDA:1,59,0,325
BRDA:1,60,0,2578
BRDA:1,61,0,25
BRDA:1,62,0,25
BRDA:1,63,0,0
BRDA:1,64,0,0
BRDA:1,65,0,25
BRDA:1,66,0,0
BRDA:1,67,0,25
BRDA:1,68,0,0
BRDA:1,69,0,25
BRDA:1,70,0,25
BRDA:1,71,0,0
BRDA:1,72,0,25
BRDA:1,73,0,25
BRDA:1,74,0,50
BRDA:1,75,0,0
BRDA:1,76,0,9898
BRDA:1,77,0,4672
BRDA:1,78,0,2214
BRDA:1,79,0,2521
BRDA:1,80,0,2458
BRDA:1,81,0,55133
BRDA:1,82,0,2521
BRDA:1,83,0,55133
BRDA:1,84,0,2458
BRDA:1,85,0,4672
BRDA:1,86,0,2809
BRDA:1,87,0,1685
BRDA:1,88,0,351
BRDA:1,89,0,351
BRDA:1,90,0,4321
BRDA:1,91,0,70569
BRDA:1,92,0,0
BRDA:1,93,0,4321
BRDA:1,94,0,2214
BRDA:1,95,0,0
BRDA:1,96,0,20675
BRDA:1,97,0,149275
BRDA:1,98,0,20675
BRDA:1,99,0,128600
BRDA:1,100,0,5175
BRDA:1,101,0,0
BRDA:1,102,0,150
BRDA:1,103,0,0
BRDA:1,104,0,5025
BRDA:1,105,0,450
BRDA:1,106,0,1800
BRDA:1,107,0,5175
BRDA:1,108,0,275
BRDA:1,109,0,75
BRDA:1,110,0,50
BRDA:1,111,0,25
BRDA:1,112,0,50
BRDA:1,113,0,25
BRDA:1,114,0,100
BRDA:1,115,0,50
BRDA:1,116,0,50
BRDA:1,117,0,25
BRDA:1,118,0,0
BRDA:1,119,0,8311
BRDA:1,120,0,17
BRDA:1,121,0,16667
BRDA:1,122,0,0
BRDA:1,123,0,50
BRDA:1,124,0,25
BRDA:1,125,0,25
BRDA:1,126,0,25
BRDA:1,127,0,271
BRDA:1,128,0,2626
BRDA:1,129,0,0
BRDA:1,130,0,2626
BRDA:1,131,0,0
BRDA:1,132,0,0
BRDA:1,133,0,2626
BRDA:1,134,0,2626
BRDA:1,135,0,0
BRDA:1,136,0,0
BRDA:1,137,0,2626
BRDA:1,138,0,0
BRDA:1,139,0,0
BRDA:1,140,0,0
BRDA:1,141,0,0
BRDA:1,142,0,0
BRDA:1,143,0,0
BRDA:1,144,0,25
BRDA:1,145,0,0
BRDA:1,146,0,2626
BRDA:1,147,0,0
BRDA:1,148,0,25
BRDA:1,149,0,6589
BRDA:1,150,0,1250
BRDA:1,151,0,0
BRDA:1,152,0,1200
BRDA:1,153,0,0
BRDA:1,154,0,1200
BRDA:1,155,0,33784
BRDA:1,156,0,0
BRDA:1,157,0,27549
BRDA:1,158,0,0
BRDA:1,159,0,0
BRDA:1,160,0,0
BRDA:1,161,0,0
BRDA:1,162,0,2167
BRDA:1,163,0,25
BRDA:1,164,0,2626
BRDA:1,165,0,0
BRDA:1,166,0,3625
BRDA:1,167,0,3600
BRDA:1,168,0,3600
BRDA:1,169,0,1200
BRDA:1,170,0,2400
BRDA:1,171,0,25
BRDA:1,172,0,1200
BRDA:1,173,0,0
BRDA:1,174,0,0
BRDA:1,175,0,0
BRDA:1,176,0,21273
BRDA:1,177,0,9866
BRDA:1,178,0,11375
BRDA:1,179,0,0
BRDA:1,180,0,11375
BRDA:1,181,0,15750
BRDA:1,182,0,23450
BRDA:1,183,0,21650
BRDA:1,184,0,1800
BRDA:1,185,0,450
BRDA:1,186,0,13950
BRDA:1,187,0,3625
BRDA:1,188,0,15750
BRDA:1,189,0,0
BRDA:1,190,0,3625
BRDA:1,191,0,1800
BRDA:1,192,0,1200
BRDA:1,193,0,0
BRDA:1,194,0,1200
BRDA:1,195,0,0
BRDA:1,196,0,0
BRDA:1,197,0,217
BRDA:1,198,0,0
BRDA:1,199,0,0
BRDA:1,200,0,0
BRDA:1,201,0,10250
BRDA:1,202,0,18000
BRDA:1,203,0,13000
BRDA:1,204,0,0
BRDA:1,205,0,27777
BRDA:1,206,0,0
BRDA:1,207,0,5125
BRDA:1,208,0,2625
BRDA:1,209,0,3875
BRDA:1,210,0,0
BRDA:1,211,0,0
BRDA:1,212,0,2625
BRDA:1,213,0,3875
BRDA:1,214,0,1050
BRDA:1,215,0,4075
BRDA:1,216,0,1050
BRDA:1,217,0,0
BRDA:1,218,0,2625
BRDA:1,219,0,2500
BRDA:1,220,0,6500
BRDA:1,221,0,2625
BRDA:1,222,0,3875
BRDA:1,223,0,250
BRDA:1,224,0,4075
BRDA:1,225,0,1050
BRDA:1,226,0,5125
BRDA:1,227,0,2425
BRDA:1,228,0,0
BRDA:1,229,0,5125
BRDA:1,230,0,0
BRDA:1,231,0,2625
BRDA:1,232,0,2625
BRDA:1,233,0,3875
BRDA:1,234,0,2625
BRDA:1,235,0,2500
BRDA:1,236,0,6500
BRDA:1,237,0,250
BRDA:1,238,0,5125
BRDA:1,239,0,11625
BRDA:1,240,0,3925
BRDA:1,241,0,0
BRDA:1,242,0,1300
BRDA:1,243,0,1300
BRDA:1,244,0,0
BRDA:1,245,0,0
BRDA:1,246,0,1300
BRDA:1,247,0,0
BRDA:1,248,0,0
BRDA:1,249,0,1200
BRDA:1,250,0,1200
BRDA:1,251,0,0
BRDA:1,252,0,1200
BRDA:1,253,0,2625
BRDA:1,254,0,2625
BRDA:1,255,0,0
BRDA:1,256,0,0
BRDA:1,257,0,0
BRDA:1,258,0,0
BRDA:1,259,0,2625
BRDA:1,260,0,0
BRDA:1,261,0,6235
BRDA:1,262,0,0
BRDA:1,263,0,0
BRDA:1,264,0,0
BRDA:1,265,0,1875
BRDA:1,266,0,1875
BRDA:1,267,0,0
BRDA:1,268,0,0
BRDA:1,269,0,1875
BRDA:1,270,0,6235
BRDA:1,271,0,10495
BRDA:1,272,0,10495
BRDA:1,273,0,0
BRDA:1,274,0,10495
BRDA:1,275,0,0
BRDA:1,276,0,23
BRDA:1,277,0,10495
BRDA:1,278,0,10495
BRDA:1,279,0,25
BRDA:1,280,0,50
BRDA:1,281,0,0
BRDA:1,282,0,0
BRDA:1,283,0,0
BRDA:1,284,0,50
BRDA:1,285,0,0
BRDA:1,286,0,50
BRDA:1,287,0,0
BRDA:1,288,0,303
BRDA:1,289,0,0
BRDA:1,290,0,225
BRDA:1,291,0,0
BRDA:1,292,0,50
BRDA:1,293,0,25
BRDA:1,294,0,0
BRDA:1,295,0,50
BRDA:1,296,0,225
BRDA:1,297,0,100
BRDA:1,298,0,123
BRDA:1,299,0,14422
BRDA:1,300,0,16667
BRDA:1,301,0,0
BRDA:1,302,0,0
BRDA:1,303,0,525
BRDA:1,304,0,525
BRDA:1,305,0,525
BRDA:1,306,0,475
BRDA:1,307,0,525
BRDA:1,308,0,25
BRDA:1,309,0,25
BRDA:1,310,0,273
BRDA:1,311,0,0
BRDA:1,312,0,4584
BRDA:1,313,0,4570
BRDA:1,314,0,0
BRDA:1,315,0,14
BRDA:1,316,0,0
BRDA:1,317,0,0
BRDA:1,318,0,0
BRDA:1,319,0,0
BRDA:1,320,0,273
BRDA:1,321,0,273
BRDA:1,322,0,4584
BRDA:1,323,0,4570
BRDA:1,324,0,14
BRDA:1,325,0,0
BRDA:1,326,0,0
BRDA:1,327,0,25
BRDA:1,328,0,2214
BRDA:1,329,0,0
BRDA:1,330,0,182
BRDA:1,331,0,0
BRDA:1,332,0,84
BRDA:1,333,0,0
BRDA:1,334,0,98
BRDA:1,335,0,84
BRDA:1,336,0,98
BRDA:1,337,0,0
BRDA:1,338,0,84
BRDA:1,339,0,0
BRDA:1,340,0,182
BRDA:1,341,0,75
BRDA:1,342,0,25
BRDA:1,343,0,50
BRDA:1,344,0,25
BRDA:1,345,0,39
BRDA:1,346,0,39
BRDA:1,347,0,78
BRDA:1,348,0,10495
BRDA:1,349,0,0
BRDA:1,350,0,39
BRDA:1,351,0,0
BRDA:1,352,0,0
BRDA:1,353,0,39
BRDA:1,354,0,39
BRDA:1,355,0,0
BRDA:1,356,0,39
BRDA:1,357,0,10495
BRDA:1,358,0,149
BRDA:1,359,0,25
BRDA:1,360,0,0
BRDA:1,361,0,50
BRDA:1,362,0,25
BRDA:1,363,0,0
BRDA:1,364,0,0
BRDA:1,365,0,175
BRDA:1,366,0,25
BRDA:1,367,0,175
BRDA:1,368,0,25
BRDA:1,369,0,175
BRDA:1,370,0,57591
BRDA:1,371,0,2458
BRDA:1,372,0,2276
BRDA:1,373,0,182
BRDA:1,374,0,55133
BRDA:1,375,0,2527
BRDA:1,376,0,5054
BRDA:1,377,0,57591
BRDA:1,378,0,25
BRDA:1,379,0,25
BRDA:1,380,0,2770
BRDA:1,381,0,0
BRDA:1,382,0,1390
BRDA:1,383,0,0
BRDA:1,384,0,992
BRDA:1,385,0,0
BRDA:1,386,0,150
BRDA:1,387,0,0
BRDA:1,388,0,15
BRDA:1,389,0,0
BRDA:1,390,0,1380
BRDA:1,391,0,0
BRDA:1,392,0,5
BRDA:1,393,0,0
BRDA:1,394,0,1380
BRDA:1,395,0,0
BRDA:1,396,0,125
BRDA:1,397,0,0
BRDA:1,398,0,1691
BRDA:1,399,0,0
BRDA:1,400,0,25
BRDA:1,401,0,25
BRDA:1,402,0,0
BRDA:1,403,0,25
BRDA:1,404,0,0
BRDA:1,405,0,0
BRDA:1,406,0,0
BRF:407
BRH:258
end_of_record
